2024-04-28 00:05:15.757 [restartedMain] INFO  com.atguigu.yygh.hosp.ServiceHospApplication - The following profiles are active: dev
2024-04-28 00:05:16.546 [restartedMain] INFO  o.s.d.r.config.RepositoryConfigurationDelegate - Multiple Spring Data modules found, entering strict repository configuration mode!
2024-04-28 00:05:16.546 [restartedMain] INFO  o.s.d.r.config.RepositoryConfigurationDelegate - Bootstrapping Spring Data repositories in DEFAULT mode.
2024-04-28 00:05:16.579 [restartedMain] INFO  o.s.d.r.config.RepositoryConfigurationDelegate - Finished Spring Data repository scanning in 31ms. Found 3 repository interfaces.
2024-04-28 00:05:16.587 [restartedMain] INFO  o.s.d.r.config.RepositoryConfigurationDelegate - Multiple Spring Data modules found, entering strict repository configuration mode!
2024-04-28 00:05:16.588 [restartedMain] INFO  o.s.d.r.config.RepositoryConfigurationDelegate - Bootstrapping Spring Data repositories in DEFAULT mode.
2024-04-28 00:05:16.595 [restartedMain] INFO  o.s.d.r.c.RepositoryConfigurationExtensionSupport - Spring Data Redis - Could not safely identify store assignment for repository candidate interface com.atguigu.yygh.hosp.repository.DepartmentRepository. If you want this repository to be a Redis repository, consider annotating your entities with one of these annotations: org.springframework.data.redis.core.RedisHash (preferred), or consider extending one of the following types with your repository: org.springframework.data.keyvalue.repository.KeyValueRepository.
2024-04-28 00:05:16.595 [restartedMain] INFO  o.s.d.r.c.RepositoryConfigurationExtensionSupport - Spring Data Redis - Could not safely identify store assignment for repository candidate interface com.atguigu.yygh.hosp.repository.HospitalRepository. If you want this repository to be a Redis repository, consider annotating your entities with one of these annotations: org.springframework.data.redis.core.RedisHash (preferred), or consider extending one of the following types with your repository: org.springframework.data.keyvalue.repository.KeyValueRepository.
2024-04-28 00:05:16.596 [restartedMain] INFO  o.s.d.r.c.RepositoryConfigurationExtensionSupport - Spring Data Redis - Could not safely identify store assignment for repository candidate interface com.atguigu.yygh.hosp.repository.ScheduleRepository. If you want this repository to be a Redis repository, consider annotating your entities with one of these annotations: org.springframework.data.redis.core.RedisHash (preferred), or consider extending one of the following types with your repository: org.springframework.data.keyvalue.repository.KeyValueRepository.
2024-04-28 00:05:16.596 [restartedMain] INFO  o.s.d.r.config.RepositoryConfigurationDelegate - Finished Spring Data repository scanning in 4ms. Found 0 repository interfaces.
2024-04-28 00:05:16.777 [restartedMain] INFO  o.springframework.cloud.context.scope.GenericScope - BeanFactory id=453e5b6d-ef8b-393a-9ea9-9aa3cbfd0900
2024-04-28 00:05:16.873 [restartedMain] INFO  o.s.i.c.DefaultConfiguringBeanFactoryPostProcessor - No bean named 'errorChannel' has been explicitly defined. Therefore, a default PublishSubscribeChannel will be created.
2024-04-28 00:05:16.875 [restartedMain] INFO  o.s.i.c.DefaultConfiguringBeanFactoryPostProcessor - No bean named 'taskScheduler' has been explicitly defined. Therefore, a default ThreadPoolTaskScheduler will be created.
2024-04-28 00:05:16.878 [restartedMain] INFO  o.s.i.c.DefaultConfiguringBeanFactoryPostProcessor - No bean named 'integrationHeaderChannelRegistry' has been explicitly defined. Therefore, a default DefaultHeaderChannelRegistry will be created.
2024-04-28 00:05:16.929 [restartedMain] INFO  o.s.c.s.PostProcessorRegistrationDelegate$BeanPostProcessorChecker - Bean 'org.springframework.transaction.annotation.ProxyTransactionManagementConfiguration' of type [org.springframework.transaction.annotation.ProxyTransactionManagementConfiguration] is not eligible for getting processed by all BeanPostProcessors (for example: not eligible for auto-proxying)
2024-04-28 00:05:16.962 [restartedMain] INFO  o.s.c.s.PostProcessorRegistrationDelegate$BeanPostProcessorChecker - Bean 'integrationChannelResolver' of type [org.springframework.integration.support.channel.BeanFactoryChannelResolver] is not eligible for getting processed by all BeanPostProcessors (for example: not eligible for auto-proxying)
2024-04-28 00:05:16.964 [restartedMain] INFO  o.s.c.s.PostProcessorRegistrationDelegate$BeanPostProcessorChecker - Bean 'integrationDisposableAutoCreatedBeans' of type [org.springframework.integration.config.annotation.Disposables] is not eligible for getting processed by all BeanPostProcessors (for example: not eligible for auto-proxying)
2024-04-28 00:05:16.972 [restartedMain] INFO  o.s.c.s.PostProcessorRegistrationDelegate$BeanPostProcessorChecker - Bean 'org.springframework.integration.config.IntegrationManagementConfiguration' of type [org.springframework.integration.config.IntegrationManagementConfiguration] is not eligible for getting processed by all BeanPostProcessors (for example: not eligible for auto-proxying)
2024-04-28 00:05:16.975 [restartedMain] INFO  o.s.c.s.PostProcessorRegistrationDelegate$BeanPostProcessorChecker - Bean 'org.springframework.boot.autoconfigure.integration.IntegrationAutoConfiguration$IntegrationJmxConfiguration' of type [org.springframework.boot.autoconfigure.integration.IntegrationAutoConfiguration$IntegrationJmxConfiguration] is not eligible for getting processed by all BeanPostProcessors (for example: not eligible for auto-proxying)
2024-04-28 00:05:16.980 [restartedMain] INFO  o.s.c.s.PostProcessorRegistrationDelegate$BeanPostProcessorChecker - Bean 'org.springframework.boot.autoconfigure.jmx.JmxAutoConfiguration' of type [org.springframework.boot.autoconfigure.jmx.JmxAutoConfiguration] is not eligible for getting processed by all BeanPostProcessors (for example: not eligible for auto-proxying)
2024-04-28 00:05:16.983 [restartedMain] INFO  o.s.c.s.PostProcessorRegistrationDelegate$BeanPostProcessorChecker - Bean 'mbeanServer' of type [com.sun.jmx.mbeanserver.JmxMBeanServer] is not eligible for getting processed by all BeanPostProcessors (for example: not eligible for auto-proxying)
2024-04-28 00:05:16.998 [restartedMain] INFO  o.s.c.s.PostProcessorRegistrationDelegate$BeanPostProcessorChecker - Bean 'org.springframework.cloud.autoconfigure.ConfigurationPropertiesRebinderAutoConfiguration' of type [org.springframework.cloud.autoconfigure.ConfigurationPropertiesRebinderAutoConfiguration] is not eligible for getting processed by all BeanPostProcessors (for example: not eligible for auto-proxying)
2024-04-28 00:05:17.268 [restartedMain] INFO  o.s.boot.web.embedded.tomcat.TomcatWebServer - Tomcat initialized with port(s): 8201 (http)
2024-04-28 00:05:17.274 [restartedMain] INFO  org.apache.coyote.http11.Http11NioProtocol - Initializing ProtocolHandler ["http-nio-8201"]
2024-04-28 00:05:17.275 [restartedMain] INFO  org.apache.catalina.core.StandardService - Starting service [Tomcat]
2024-04-28 00:05:17.275 [restartedMain] INFO  org.apache.catalina.core.StandardEngine - Starting Servlet engine: [Apache Tomcat/9.0.27]
2024-04-28 00:05:17.331 [restartedMain] INFO  o.a.c.core.ContainerBase.[Tomcat].[localhost].[/] - Initializing Spring embedded WebApplicationContext
2024-04-28 00:05:17.331 [restartedMain] INFO  org.springframework.web.context.ContextLoader - Root WebApplicationContext: initialization completed in 1562 ms
2024-04-28 00:05:17.807 [restartedMain] INFO  org.mongodb.driver.cluster - Cluster created with settings {hosts=[localhost:27017], mode=SINGLE, requiredClusterType=UNKNOWN, serverSelectionTimeout='30000 ms', maxWaitQueueSize=500}
2024-04-28 00:05:17.833 [cluster-ClusterId{value='662dcafd0e317c52d6dfa1ed', description='null'}-localhost:27017] INFO  org.mongodb.driver.connection - Opened connection [connectionId{localValue:1, serverValue:4}] to localhost:27017
2024-04-28 00:05:17.836 [cluster-ClusterId{value='662dcafd0e317c52d6dfa1ed', description='null'}-localhost:27017] INFO  org.mongodb.driver.cluster - Monitor thread successfully connected to server with description ServerDescription{address=localhost:27017, type=STANDALONE, state=CONNECTED, ok=true, version=ServerVersion{versionList=[7, 0, 8]}, minWireVersion=0, maxWireVersion=21, maxDocumentSize=16777216, logicalSessionTimeoutMinutes=30, roundTripTimeNanos=2336875}
2024-04-28 00:05:18.052 [restartedMain] INFO  o.s.scheduling.concurrent.ThreadPoolTaskScheduler - Initializing ExecutorService 'taskScheduler'
2024-04-28 00:05:18.281 [restartedMain] INFO  org.mongodb.driver.connection - Opened connection [connectionId{localValue:2, serverValue:5}] to localhost:27017
2024-04-28 00:05:18.949 [restartedMain] INFO  o.s.b.actuate.endpoint.web.EndpointLinksResolver - Exposing 2 endpoint(s) beneath base path '/actuator'
2024-04-28 00:05:19.027 [restartedMain] INFO  s.d.s.w.PropertySourcedRequestMappingHandlerMapping - Mapped URL path [/v2/api-docs] onto method [springfox.documentation.swagger2.web.Swagger2Controller#getDocumentation(String, HttpServletRequest)]
2024-04-28 00:05:19.045 [restartedMain] INFO  com.netflix.config.sources.URLConfigurationSource - To enable URLs as dynamic configuration sources, define System property archaius.configurationSource.additionalUrls or make config.properties available on classpath.
2024-04-28 00:05:19.048 [restartedMain] INFO  com.netflix.config.sources.URLConfigurationSource - To enable URLs as dynamic configuration sources, define System property archaius.configurationSource.additionalUrls or make config.properties available on classpath.
2024-04-28 00:05:19.099 [restartedMain] INFO  o.s.scheduling.concurrent.ThreadPoolTaskExecutor - Initializing ExecutorService 'applicationTaskExecutor'
2024-04-28 00:05:19.292 [restartedMain] INFO  o.s.c.f.c.catalog.BeanFactoryAwareFunctionRegistry - Looking up function 'null' with acceptedOutputTypes: []
2024-04-28 00:05:19.558 [restartedMain] INFO  o.s.c.stream.messaging.DirectWithAttributesChannel - Channel 'application-1.springCloudBusInput' has 1 subscriber(s).
2024-04-28 00:05:19.654 [restartedMain] INFO  o.s.integration.monitor.IntegrationMBeanExporter - Registering MessageChannel errorChannel
2024-04-28 00:05:19.712 [restartedMain] INFO  o.s.integration.monitor.IntegrationMBeanExporter - Registering MessageChannel springCloudBusOutput
2024-04-28 00:05:19.741 [restartedMain] INFO  o.s.integration.monitor.IntegrationMBeanExporter - Registering MessageChannel springCloudBusInput
2024-04-28 00:05:19.749 [restartedMain] INFO  o.s.integration.monitor.IntegrationMBeanExporter - Registering MessageChannel nullChannel
2024-04-28 00:05:19.765 [restartedMain] INFO  o.s.integration.monitor.IntegrationMBeanExporter - Registering MessageHandler errorLogger
2024-04-28 00:05:19.780 [restartedMain] INFO  o.s.integration.monitor.IntegrationMBeanExporter - Registering MessageHandler org.springframework.cloud.stream.binding.StreamListenerMessageHandler@58b75964
2024-04-28 00:05:19.839 [restartedMain] INFO  o.s.integration.endpoint.EventDrivenConsumer - Adding {logging-channel-adapter:_org.springframework.integration.errorLogger} as a subscriber to the 'errorChannel' channel
2024-04-28 00:05:19.839 [restartedMain] INFO  o.s.integration.channel.PublishSubscribeChannel - Channel 'application-1.errorChannel' has 1 subscriber(s).
2024-04-28 00:05:19.839 [restartedMain] INFO  o.s.integration.endpoint.EventDrivenConsumer - started bean '_org.springframework.integration.errorLogger'
2024-04-28 00:05:20.006 [restartedMain] INFO  o.s.a.rabbit.connection.CachingConnectionFactory - Attempting to connect to: [127.0.0.1:5672]
2024-04-28 00:05:20.029 [restartedMain] INFO  o.s.a.rabbit.connection.CachingConnectionFactory - Created new connection: rabbitConnectionFactory#195b7bdb:0/SimpleConnection@5dc2d6ea [delegate=amqp://guest@127.0.0.1:5672/, localPort= 61796]
2024-04-28 00:05:20.056 [restartedMain] INFO  o.s.c.stream.messaging.DirectWithAttributesChannel - Channel 'application-1.springCloudBusOutput' has 1 subscriber(s).
2024-04-28 00:05:20.075 [restartedMain] INFO  o.s.c.s.b.r.p.RabbitExchangeQueueProvisioner - declaring queue for inbound: springCloudBus.anonymous.NYhzEX4fRmuCR5QF5iNFHQ, bound to: springCloudBus
2024-04-28 00:05:20.088 [restartedMain] INFO  o.s.cloud.stream.binder.BinderErrorChannel - Channel 'springCloudBus.anonymous.NYhzEX4fRmuCR5QF5iNFHQ.errors' has 1 subscriber(s).
2024-04-28 00:05:20.088 [restartedMain] INFO  o.s.cloud.stream.binder.BinderErrorChannel - Channel 'springCloudBus.anonymous.NYhzEX4fRmuCR5QF5iNFHQ.errors' has 2 subscriber(s).
2024-04-28 00:05:20.101 [restartedMain] INFO  o.s.i.amqp.inbound.AmqpInboundChannelAdapter - started bean 'inbound.springCloudBus.anonymous.NYhzEX4fRmuCR5QF5iNFHQ'
2024-04-28 00:05:20.102 [restartedMain] INFO  s.d.s.web.plugins.DocumentationPluginsBootstrapper - Context refreshed
2024-04-28 00:05:20.110 [restartedMain] INFO  s.d.s.web.plugins.DocumentationPluginsBootstrapper - Found 2 custom documentation plugin(s)
2024-04-28 00:05:20.129 [restartedMain] INFO  s.d.spring.web.scanners.ApiListingReferenceScanner - Scanning for api listing references
2024-04-28 00:05:20.234 [restartedMain] INFO  s.d.s.w.r.operation.CachingOperationNameGenerator - Generating unique operation named: lockHospitalSetUsingPUT_1
2024-04-28 00:05:20.262 [restartedMain] INFO  s.d.spring.web.scanners.ApiListingReferenceScanner - Scanning for api listing references
2024-04-28 00:05:20.334 [restartedMain] INFO  o.s.integration.monitor.IntegrationMBeanExporter - Registering MessageChannel springCloudBus.anonymous.NYhzEX4fRmuCR5QF5iNFHQ.errors
2024-04-28 00:05:20.387 [restartedMain] INFO  org.apache.coyote.http11.Http11NioProtocol - Starting ProtocolHandler ["http-nio-8201"]
2024-04-28 00:05:20.405 [restartedMain] INFO  o.s.boot.web.embedded.tomcat.TomcatWebServer - Tomcat started on port(s): 8201 (http) with context path ''
2024-04-28 00:05:20.407 [restartedMain] INFO  com.alibaba.nacos.client.naming - [BEAT] adding beat: {"cluster":"DEFAULT","ip":"192.168.0.200","metadata":{"preserved.register.source":"SPRING_CLOUD"},"period":5000,"port":8201,"scheduled":false,"serviceName":"DEFAULT_GROUP@@service-hosp","stopped":false,"weight":1.0} to beat map.
2024-04-28 00:05:20.448 [restartedMain] INFO  com.alibaba.nacos.client.naming - [REGISTER-SERVICE] public registering service DEFAULT_GROUP@@service-hosp with instance: {"clusterName":"DEFAULT","enabled":true,"ephemeral":true,"healthy":true,"instanceHeartBeatInterval":5000,"instanceHeartBeatTimeOut":15000,"ip":"192.168.0.200","ipDeleteTimeout":30000,"metadata":{"preserved.register.source":"SPRING_CLOUD"},"port":8201,"weight":1.0}
2024-04-28 00:05:20.473 [restartedMain] INFO  c.alibaba.nacos.client.identify.CredentialWatcher - null No credential found
2024-04-28 00:05:20.492 [restartedMain] INFO  c.a.cloud.nacos.registry.NacosServiceRegistry - nacos registry, DEFAULT_GROUP service-hosp 192.168.0.200:8201 register finished
2024-04-28 00:05:20.497 [restartedMain] INFO  com.atguigu.yygh.hosp.ServiceHospApplication - Started ServiceHospApplication in 5.2 seconds (JVM running for 10.681)
2024-04-28 00:05:20.898 [RMI TCP Connection(2)-192.168.0.200] INFO  o.a.c.core.ContainerBase.[Tomcat].[localhost].[/] - Initializing Spring DispatcherServlet 'dispatcherServlet'
2024-04-28 00:05:20.901 [RMI TCP Connection(2)-192.168.0.200] INFO  org.springframework.web.servlet.DispatcherServlet - Initializing Servlet 'dispatcherServlet'
2024-04-28 00:05:20.907 [RMI TCP Connection(2)-192.168.0.200] INFO  org.springframework.web.servlet.DispatcherServlet - Completed initialization in 6 ms
2024-04-28 00:05:20.911 [RMI TCP Connection(3)-192.168.0.200] INFO  com.zaxxer.hikari.HikariDataSource - HikariPool-1 - Starting...
2024-04-28 00:05:21.061 [RMI TCP Connection(3)-192.168.0.200] INFO  com.zaxxer.hikari.HikariDataSource - HikariPool-1 - Start completed.
2024-04-28 00:05:21.201 [boundedElastic-1] INFO  io.lettuce.core.EpollProvider - Starting without optional epoll library
2024-04-28 00:05:21.202 [boundedElastic-1] INFO  io.lettuce.core.KqueueProvider - Starting without optional kqueue library
2024-04-28 00:23:41.741 [http-nio-8201-exec-1] INFO  com.netflix.config.ChainedDynamicProperty - Flipping property: service-cmn.ribbon.ActiveConnectionsLimit to use NEXT property: niws.loadbalancer.availabilityFilteringRule.activeConnectionsLimit = 2147483647
2024-04-28 00:23:41.753 [http-nio-8201-exec-1] INFO  com.netflix.loadbalancer.BaseLoadBalancer - Client: service-cmn instantiated a LoadBalancer: DynamicServerListLoadBalancer:{NFLoadBalancer:name=service-cmn,current list of Servers=[],Load balancer stats=Zone stats: {},Server stats: []}ServerList:null
2024-04-28 00:23:41.759 [http-nio-8201-exec-1] INFO  c.n.loadbalancer.DynamicServerListLoadBalancer - Using serverListUpdater PollingServerListUpdater
2024-04-28 00:23:46.788 [http-nio-8201-exec-1] INFO  com.alibaba.nacos.client.naming - new ips(1) service: DEFAULT_GROUP@@service-cmn -> [{"clusterName":"DEFAULT","enabled":true,"ephemeral":true,"healthy":true,"instanceHeartBeatInterval":5000,"instanceHeartBeatTimeOut":15000,"instanceId":"192.168.0.200#8202#DEFAULT#DEFAULT_GROUP@@service-cmn","ip":"192.168.0.200","ipDeleteTimeout":30000,"metadata":{"preserved.register.source":"SPRING_CLOUD"},"port":8202,"serviceName":"DEFAULT_GROUP@@service-cmn","weight":1.0}]
2024-04-28 00:23:46.792 [http-nio-8201-exec-1] INFO  com.alibaba.nacos.client.naming - current ips:(1) service: DEFAULT_GROUP@@service-cmn -> [{"clusterName":"DEFAULT","enabled":true,"ephemeral":true,"healthy":true,"instanceHeartBeatInterval":5000,"instanceHeartBeatTimeOut":15000,"instanceId":"192.168.0.200#8202#DEFAULT#DEFAULT_GROUP@@service-cmn","ip":"192.168.0.200","ipDeleteTimeout":30000,"metadata":{"preserved.register.source":"SPRING_CLOUD"},"port":8202,"serviceName":"DEFAULT_GROUP@@service-cmn","weight":1.0}]
2024-04-28 00:23:46.794 [http-nio-8201-exec-1] INFO  c.n.loadbalancer.DynamicServerListLoadBalancer - DynamicServerListLoadBalancer for client service-cmn initialized: DynamicServerListLoadBalancer:{NFLoadBalancer:name=service-cmn,current list of Servers=[],Load balancer stats=Zone stats: {},Server stats: []}ServerList:com.alibaba.cloud.nacos.ribbon.NacosServerList@3b0a762a
2024-04-28 00:23:46.799 [PollingServerListUpdater-0] INFO  com.netflix.config.ChainedDynamicProperty - Flipping property: service-cmn.ribbon.ActiveConnectionsLimit to use NEXT property: niws.loadbalancer.availabilityFilteringRule.activeConnectionsLimit = 2147483647
2024-04-28 00:23:47.358 [com.alibaba.nacos.naming.push.receiver] INFO  com.alibaba.nacos.client.naming - received push data: {"type":"dom","data":"{\"name\":\"DEFAULT_GROUP@@service-cmn\",\"clusters\":\"\",\"cacheMillis\":10000,\"hosts\":[{\"instanceId\":\"192.168.0.200#8202#DEFAULT#DEFAULT_GROUP@@service-cmn\",\"ip\":\"192.168.0.200\",\"port\":8202,\"weight\":1.0,\"healthy\":true,\"enabled\":true,\"ephemeral\":true,\"clusterName\":\"DEFAULT\",\"serviceName\":\"DEFAULT_GROUP@@service-cmn\",\"metadata\":{\"preserved.register.source\":\"SPRING_CLOUD\"},\"ipDeleteTimeout\":30000,\"instanceHeartBeatInterval\":5000,\"instanceHeartBeatTimeOut\":15000}],\"lastRefTime\":1714278227352,\"checksum\":\"\",\"allIPs\":false,\"reachProtectionThreshold\":false,\"valid\":true}","lastRefTime":273003720848250} from /192.168.0.200
2024-04-28 00:43:41.958 [Thread-42] INFO  com.netflix.loadbalancer.PollingServerListUpdater - Shutting down the Executor Pool for PollingServerListUpdater
2024-04-28 00:43:41.991 [SpringContextShutdownHook] INFO  o.s.a.r.listener.SimpleMessageListenerContainer - Waiting for workers to finish.
2024-04-28 00:43:42.070 [SpringContextShutdownHook] INFO  o.s.a.r.listener.SimpleMessageListenerContainer - Successfully waited for workers to finish.
2024-04-28 00:43:42.077 [SpringContextShutdownHook] INFO  o.s.a.r.listener.SimpleMessageListenerContainer - Waiting for workers to finish.
2024-04-28 00:43:42.582 [com.alibaba.nacos.naming.push.receiver] INFO  com.alibaba.nacos.client.naming - received push data: {"type":"dom","data":"{\"name\":\"DEFAULT_GROUP@@service-cmn\",\"clusters\":\"\",\"cacheMillis\":10000,\"hosts\":[],\"lastRefTime\":1714279422578,\"checksum\":\"\",\"allIPs\":false,\"reachProtectionThreshold\":false,\"valid\":true}","lastRefTime":274198960852333} from /192.168.0.200
2024-04-28 00:43:42.584 [com.alibaba.nacos.naming.push.receiver] INFO  com.alibaba.nacos.client.naming - removed ips(1) service: DEFAULT_GROUP@@service-cmn -> [{"clusterName":"DEFAULT","enabled":true,"ephemeral":true,"healthy":true,"instanceHeartBeatInterval":5000,"instanceHeartBeatTimeOut":15000,"instanceId":"192.168.0.200#8202#DEFAULT#DEFAULT_GROUP@@service-cmn","ip":"192.168.0.200","ipDeleteTimeout":30000,"metadata":{"preserved.register.source":"SPRING_CLOUD"},"port":8202,"serviceName":"DEFAULT_GROUP@@service-cmn","weight":1.0}]
2024-04-28 00:43:42.591 [com.alibaba.nacos.naming.push.receiver] INFO  com.alibaba.nacos.client.naming - current ips:(0) service: DEFAULT_GROUP@@service-cmn -> []
2024-04-28 00:43:42.753 [SpringContextShutdownHook] INFO  o.s.a.r.listener.SimpleMessageListenerContainer - Successfully waited for workers to finish.
2024-04-28 00:43:42.753 [SpringContextShutdownHook] INFO  o.s.i.amqp.inbound.AmqpInboundChannelAdapter - stopped bean 'inbound.springCloudBus.anonymous.NYhzEX4fRmuCR5QF5iNFHQ'
2024-04-28 00:43:42.760 [SpringContextShutdownHook] INFO  o.s.cloud.stream.binder.BinderErrorChannel - Channel 'application-1.springCloudBus.anonymous.NYhzEX4fRmuCR5QF5iNFHQ.errors' has 1 subscriber(s).
2024-04-28 00:43:42.762 [SpringContextShutdownHook] INFO  o.s.cloud.stream.binder.BinderErrorChannel - Channel 'application-1.springCloudBus.anonymous.NYhzEX4fRmuCR5QF5iNFHQ.errors' has 0 subscriber(s).
2024-04-28 00:43:42.770 [SpringContextShutdownHook] INFO  o.s.integration.endpoint.EventDrivenConsumer - Removing {logging-channel-adapter:_org.springframework.integration.errorLogger} as a subscriber to the 'errorChannel' channel
2024-04-28 00:43:42.770 [SpringContextShutdownHook] INFO  o.s.integration.channel.PublishSubscribeChannel - Channel 'application-1.errorChannel' has 0 subscriber(s).
2024-04-28 00:43:42.770 [SpringContextShutdownHook] INFO  o.s.integration.endpoint.EventDrivenConsumer - stopped bean '_org.springframework.integration.errorLogger'
2024-04-28 00:43:42.779 [SpringContextShutdownHook] INFO  c.a.cloud.nacos.registry.NacosServiceRegistry - De-registering from Nacos Server now...
2024-04-28 00:43:42.780 [SpringContextShutdownHook] INFO  com.alibaba.nacos.client.naming - [BEAT] removing beat: DEFAULT_GROUP@@service-hosp:192.168.0.200:8201 from beat map.
2024-04-28 00:43:42.780 [SpringContextShutdownHook] INFO  com.alibaba.nacos.client.naming - [DEREGISTER-SERVICE] public deregistering service DEFAULT_GROUP@@service-hosp with instance: {"clusterName":"DEFAULT","enabled":true,"ephemeral":true,"healthy":true,"instanceHeartBeatInterval":5000,"instanceHeartBeatTimeOut":15000,"instanceIdGenerator":"simple","ip":"192.168.0.200","ipDeleteTimeout":30000,"metadata":{},"port":8201,"weight":1.0}
2024-04-28 00:43:42.784 [SpringContextShutdownHook] INFO  c.a.cloud.nacos.registry.NacosServiceRegistry - De-registration finished.
2024-04-28 00:43:42.785 [SpringContextShutdownHook] INFO  o.s.scheduling.concurrent.ThreadPoolTaskExecutor - Shutting down ExecutorService 'applicationTaskExecutor'
2024-04-28 00:43:42.800 [SpringContextShutdownHook] INFO  o.s.a.r.listener.SimpleMessageListenerContainer - Shutdown ignored - container is not active already
2024-04-28 00:43:42.804 [SpringContextShutdownHook] INFO  o.s.scheduling.concurrent.ThreadPoolTaskScheduler - Shutting down ExecutorService 'taskScheduler'
2024-04-28 00:43:42.811 [SpringContextShutdownHook] INFO  org.mongodb.driver.connection - Closed connection [connectionId{localValue:2, serverValue:5}] to localhost:27017 because the pool has been closed.
2024-04-28 00:43:42.970 [SpringContextShutdownHook] INFO  o.s.integration.monitor.IntegrationMBeanExporter - Summary on shutdown: bean 'errorChannel'
2024-04-28 00:43:42.970 [SpringContextShutdownHook] INFO  o.s.integration.monitor.IntegrationMBeanExporter - Summary on shutdown: bean 'springCloudBusOutput'
2024-04-28 00:43:42.970 [SpringContextShutdownHook] INFO  o.s.integration.monitor.IntegrationMBeanExporter - Summary on shutdown: bean 'springCloudBusInput'
2024-04-28 00:43:42.970 [SpringContextShutdownHook] INFO  o.s.integration.monitor.IntegrationMBeanExporter - Summary on shutdown: nullChannel
2024-04-28 00:43:42.970 [SpringContextShutdownHook] INFO  o.s.integration.monitor.IntegrationMBeanExporter - Summary on shutdown: bean '_org.springframework.integration.errorLogger.handler' for component '_org.springframework.integration.errorLogger'
2024-04-28 00:43:42.970 [SpringContextShutdownHook] INFO  o.s.integration.monitor.IntegrationMBeanExporter - Summary on shutdown: org.springframework.cloud.stream.binding.StreamListenerMessageHandler@58b75964
2024-04-28 00:43:42.971 [SpringContextShutdownHook] INFO  com.zaxxer.hikari.HikariDataSource - HikariPool-1 - Shutdown initiated...
2024-04-28 00:43:42.984 [SpringContextShutdownHook] INFO  com.zaxxer.hikari.HikariDataSource - HikariPool-1 - Shutdown completed.
2024-04-28 16:33:01.192 [restartedMain] INFO  com.atguigu.yygh.hosp.ServiceHospApplication - The following profiles are active: dev
2024-04-28 16:33:01.820 [restartedMain] INFO  o.s.d.r.config.RepositoryConfigurationDelegate - Multiple Spring Data modules found, entering strict repository configuration mode!
2024-04-28 16:33:01.820 [restartedMain] INFO  o.s.d.r.config.RepositoryConfigurationDelegate - Bootstrapping Spring Data repositories in DEFAULT mode.
2024-04-28 16:33:01.849 [restartedMain] INFO  o.s.d.r.config.RepositoryConfigurationDelegate - Finished Spring Data repository scanning in 27ms. Found 3 repository interfaces.
2024-04-28 16:33:01.856 [restartedMain] INFO  o.s.d.r.config.RepositoryConfigurationDelegate - Multiple Spring Data modules found, entering strict repository configuration mode!
2024-04-28 16:33:01.857 [restartedMain] INFO  o.s.d.r.config.RepositoryConfigurationDelegate - Bootstrapping Spring Data repositories in DEFAULT mode.
2024-04-28 16:33:01.864 [restartedMain] INFO  o.s.d.r.c.RepositoryConfigurationExtensionSupport - Spring Data Redis - Could not safely identify store assignment for repository candidate interface com.atguigu.yygh.hosp.repository.DepartmentRepository. If you want this repository to be a Redis repository, consider annotating your entities with one of these annotations: org.springframework.data.redis.core.RedisHash (preferred), or consider extending one of the following types with your repository: org.springframework.data.keyvalue.repository.KeyValueRepository.
2024-04-28 16:33:01.865 [restartedMain] INFO  o.s.d.r.c.RepositoryConfigurationExtensionSupport - Spring Data Redis - Could not safely identify store assignment for repository candidate interface com.atguigu.yygh.hosp.repository.HospitalRepository. If you want this repository to be a Redis repository, consider annotating your entities with one of these annotations: org.springframework.data.redis.core.RedisHash (preferred), or consider extending one of the following types with your repository: org.springframework.data.keyvalue.repository.KeyValueRepository.
2024-04-28 16:33:01.865 [restartedMain] INFO  o.s.d.r.c.RepositoryConfigurationExtensionSupport - Spring Data Redis - Could not safely identify store assignment for repository candidate interface com.atguigu.yygh.hosp.repository.ScheduleRepository. If you want this repository to be a Redis repository, consider annotating your entities with one of these annotations: org.springframework.data.redis.core.RedisHash (preferred), or consider extending one of the following types with your repository: org.springframework.data.keyvalue.repository.KeyValueRepository.
2024-04-28 16:33:01.865 [restartedMain] INFO  o.s.d.r.config.RepositoryConfigurationDelegate - Finished Spring Data repository scanning in 4ms. Found 0 repository interfaces.
2024-04-28 16:33:02.045 [restartedMain] INFO  o.springframework.cloud.context.scope.GenericScope - BeanFactory id=453e5b6d-ef8b-393a-9ea9-9aa3cbfd0900
2024-04-28 16:33:02.142 [restartedMain] INFO  o.s.i.c.DefaultConfiguringBeanFactoryPostProcessor - No bean named 'errorChannel' has been explicitly defined. Therefore, a default PublishSubscribeChannel will be created.
2024-04-28 16:33:02.145 [restartedMain] INFO  o.s.i.c.DefaultConfiguringBeanFactoryPostProcessor - No bean named 'taskScheduler' has been explicitly defined. Therefore, a default ThreadPoolTaskScheduler will be created.
2024-04-28 16:33:02.147 [restartedMain] INFO  o.s.i.c.DefaultConfiguringBeanFactoryPostProcessor - No bean named 'integrationHeaderChannelRegistry' has been explicitly defined. Therefore, a default DefaultHeaderChannelRegistry will be created.
2024-04-28 16:33:02.189 [restartedMain] INFO  o.s.c.s.PostProcessorRegistrationDelegate$BeanPostProcessorChecker - Bean 'org.springframework.transaction.annotation.ProxyTransactionManagementConfiguration' of type [org.springframework.transaction.annotation.ProxyTransactionManagementConfiguration] is not eligible for getting processed by all BeanPostProcessors (for example: not eligible for auto-proxying)
2024-04-28 16:33:02.216 [restartedMain] INFO  o.s.c.s.PostProcessorRegistrationDelegate$BeanPostProcessorChecker - Bean 'integrationChannelResolver' of type [org.springframework.integration.support.channel.BeanFactoryChannelResolver] is not eligible for getting processed by all BeanPostProcessors (for example: not eligible for auto-proxying)
2024-04-28 16:33:02.218 [restartedMain] INFO  o.s.c.s.PostProcessorRegistrationDelegate$BeanPostProcessorChecker - Bean 'integrationDisposableAutoCreatedBeans' of type [org.springframework.integration.config.annotation.Disposables] is not eligible for getting processed by all BeanPostProcessors (for example: not eligible for auto-proxying)
2024-04-28 16:33:02.225 [restartedMain] INFO  o.s.c.s.PostProcessorRegistrationDelegate$BeanPostProcessorChecker - Bean 'org.springframework.integration.config.IntegrationManagementConfiguration' of type [org.springframework.integration.config.IntegrationManagementConfiguration] is not eligible for getting processed by all BeanPostProcessors (for example: not eligible for auto-proxying)
2024-04-28 16:33:02.228 [restartedMain] INFO  o.s.c.s.PostProcessorRegistrationDelegate$BeanPostProcessorChecker - Bean 'org.springframework.boot.autoconfigure.integration.IntegrationAutoConfiguration$IntegrationJmxConfiguration' of type [org.springframework.boot.autoconfigure.integration.IntegrationAutoConfiguration$IntegrationJmxConfiguration] is not eligible for getting processed by all BeanPostProcessors (for example: not eligible for auto-proxying)
2024-04-28 16:33:02.232 [restartedMain] INFO  o.s.c.s.PostProcessorRegistrationDelegate$BeanPostProcessorChecker - Bean 'org.springframework.boot.autoconfigure.jmx.JmxAutoConfiguration' of type [org.springframework.boot.autoconfigure.jmx.JmxAutoConfiguration] is not eligible for getting processed by all BeanPostProcessors (for example: not eligible for auto-proxying)
2024-04-28 16:33:02.234 [restartedMain] INFO  o.s.c.s.PostProcessorRegistrationDelegate$BeanPostProcessorChecker - Bean 'mbeanServer' of type [com.sun.jmx.mbeanserver.JmxMBeanServer] is not eligible for getting processed by all BeanPostProcessors (for example: not eligible for auto-proxying)
2024-04-28 16:33:02.248 [restartedMain] INFO  o.s.c.s.PostProcessorRegistrationDelegate$BeanPostProcessorChecker - Bean 'org.springframework.cloud.autoconfigure.ConfigurationPropertiesRebinderAutoConfiguration' of type [org.springframework.cloud.autoconfigure.ConfigurationPropertiesRebinderAutoConfiguration] is not eligible for getting processed by all BeanPostProcessors (for example: not eligible for auto-proxying)
2024-04-28 16:33:02.484 [restartedMain] INFO  o.s.boot.web.embedded.tomcat.TomcatWebServer - Tomcat initialized with port(s): 8201 (http)
2024-04-28 16:33:02.488 [restartedMain] INFO  org.apache.coyote.http11.Http11NioProtocol - Initializing ProtocolHandler ["http-nio-8201"]
2024-04-28 16:33:02.489 [restartedMain] INFO  org.apache.catalina.core.StandardService - Starting service [Tomcat]
2024-04-28 16:33:02.489 [restartedMain] INFO  org.apache.catalina.core.StandardEngine - Starting Servlet engine: [Apache Tomcat/9.0.27]
2024-04-28 16:33:02.535 [restartedMain] INFO  o.a.c.core.ContainerBase.[Tomcat].[localhost].[/] - Initializing Spring embedded WebApplicationContext
2024-04-28 16:33:02.535 [restartedMain] INFO  org.springframework.web.context.ContextLoader - Root WebApplicationContext: initialization completed in 1334 ms
2024-04-28 16:33:02.919 [restartedMain] INFO  org.mongodb.driver.cluster - Cluster created with settings {hosts=[localhost:27017], mode=SINGLE, requiredClusterType=UNKNOWN, serverSelectionTimeout='30000 ms', maxWaitQueueSize=500}
2024-04-28 16:33:02.942 [cluster-ClusterId{value='662eb27e69852a1ec209271f', description='null'}-localhost:27017] INFO  org.mongodb.driver.connection - Opened connection [connectionId{localValue:1, serverValue:1}] to localhost:27017
2024-04-28 16:33:02.946 [cluster-ClusterId{value='662eb27e69852a1ec209271f', description='null'}-localhost:27017] INFO  org.mongodb.driver.cluster - Monitor thread successfully connected to server with description ServerDescription{address=localhost:27017, type=STANDALONE, state=CONNECTED, ok=true, version=ServerVersion{versionList=[7, 0, 8]}, minWireVersion=0, maxWireVersion=21, maxDocumentSize=16777216, logicalSessionTimeoutMinutes=30, roundTripTimeNanos=3016250}
2024-04-28 16:33:03.120 [restartedMain] INFO  o.s.scheduling.concurrent.ThreadPoolTaskScheduler - Initializing ExecutorService 'taskScheduler'
2024-04-28 16:33:03.323 [restartedMain] INFO  org.mongodb.driver.connection - Opened connection [connectionId{localValue:2, serverValue:2}] to localhost:27017
2024-04-28 16:33:03.831 [restartedMain] INFO  o.s.b.actuate.endpoint.web.EndpointLinksResolver - Exposing 2 endpoint(s) beneath base path '/actuator'
2024-04-28 16:33:03.890 [restartedMain] INFO  s.d.s.w.PropertySourcedRequestMappingHandlerMapping - Mapped URL path [/v2/api-docs] onto method [springfox.documentation.swagger2.web.Swagger2Controller#getDocumentation(String, HttpServletRequest)]
2024-04-28 16:33:03.906 [restartedMain] INFO  com.netflix.config.sources.URLConfigurationSource - To enable URLs as dynamic configuration sources, define System property archaius.configurationSource.additionalUrls or make config.properties available on classpath.
2024-04-28 16:33:03.908 [restartedMain] INFO  com.netflix.config.sources.URLConfigurationSource - To enable URLs as dynamic configuration sources, define System property archaius.configurationSource.additionalUrls or make config.properties available on classpath.
2024-04-28 16:33:03.950 [restartedMain] INFO  o.s.scheduling.concurrent.ThreadPoolTaskExecutor - Initializing ExecutorService 'applicationTaskExecutor'
2024-04-28 16:33:04.107 [restartedMain] INFO  o.s.c.f.c.catalog.BeanFactoryAwareFunctionRegistry - Looking up function 'null' with acceptedOutputTypes: []
2024-04-28 16:33:04.309 [restartedMain] INFO  o.s.c.stream.messaging.DirectWithAttributesChannel - Channel 'application-1.springCloudBusInput' has 1 subscriber(s).
2024-04-28 16:33:04.374 [restartedMain] INFO  o.s.integration.monitor.IntegrationMBeanExporter - Registering MessageChannel errorChannel
2024-04-28 16:33:04.418 [restartedMain] INFO  o.s.integration.monitor.IntegrationMBeanExporter - Registering MessageChannel nullChannel
2024-04-28 16:33:04.427 [restartedMain] INFO  o.s.integration.monitor.IntegrationMBeanExporter - Registering MessageChannel springCloudBusInput
2024-04-28 16:33:04.449 [restartedMain] INFO  o.s.integration.monitor.IntegrationMBeanExporter - Registering MessageChannel springCloudBusOutput
2024-04-28 16:33:04.458 [restartedMain] INFO  o.s.integration.monitor.IntegrationMBeanExporter - Registering MessageHandler errorLogger
2024-04-28 16:33:04.472 [restartedMain] INFO  o.s.integration.monitor.IntegrationMBeanExporter - Registering MessageHandler org.springframework.cloud.stream.binding.StreamListenerMessageHandler@2864759a
2024-04-28 16:33:04.521 [restartedMain] INFO  o.s.integration.endpoint.EventDrivenConsumer - Adding {logging-channel-adapter:_org.springframework.integration.errorLogger} as a subscriber to the 'errorChannel' channel
2024-04-28 16:33:04.522 [restartedMain] INFO  o.s.integration.channel.PublishSubscribeChannel - Channel 'application-1.errorChannel' has 1 subscriber(s).
2024-04-28 16:33:04.522 [restartedMain] INFO  o.s.integration.endpoint.EventDrivenConsumer - started bean '_org.springframework.integration.errorLogger'
2024-04-28 16:33:04.635 [restartedMain] INFO  o.s.a.rabbit.connection.CachingConnectionFactory - Attempting to connect to: [127.0.0.1:5672]
2024-04-28 16:33:04.650 [restartedMain] INFO  o.s.a.rabbit.connection.CachingConnectionFactory - Created new connection: rabbitConnectionFactory#7d868a5c:0/SimpleConnection@4dc77e8 [delegate=amqp://guest@127.0.0.1:5672/, localPort= 57565]
2024-04-28 16:33:04.670 [restartedMain] INFO  o.s.c.stream.messaging.DirectWithAttributesChannel - Channel 'application-1.springCloudBusOutput' has 1 subscriber(s).
2024-04-28 16:33:04.686 [restartedMain] INFO  o.s.c.s.b.r.p.RabbitExchangeQueueProvisioner - declaring queue for inbound: springCloudBus.anonymous.o3-6VTfzSheM737Bd0wNRw, bound to: springCloudBus
2024-04-28 16:33:04.698 [restartedMain] INFO  o.s.cloud.stream.binder.BinderErrorChannel - Channel 'springCloudBus.anonymous.o3-6VTfzSheM737Bd0wNRw.errors' has 1 subscriber(s).
2024-04-28 16:33:04.698 [restartedMain] INFO  o.s.cloud.stream.binder.BinderErrorChannel - Channel 'springCloudBus.anonymous.o3-6VTfzSheM737Bd0wNRw.errors' has 2 subscriber(s).
2024-04-28 16:33:04.706 [restartedMain] INFO  o.s.i.amqp.inbound.AmqpInboundChannelAdapter - started bean 'inbound.springCloudBus.anonymous.o3-6VTfzSheM737Bd0wNRw'
2024-04-28 16:33:04.707 [restartedMain] INFO  s.d.s.web.plugins.DocumentationPluginsBootstrapper - Context refreshed
2024-04-28 16:33:04.714 [restartedMain] INFO  s.d.s.web.plugins.DocumentationPluginsBootstrapper - Found 2 custom documentation plugin(s)
2024-04-28 16:33:04.730 [restartedMain] INFO  s.d.spring.web.scanners.ApiListingReferenceScanner - Scanning for api listing references
2024-04-28 16:33:04.824 [restartedMain] INFO  s.d.s.w.r.operation.CachingOperationNameGenerator - Generating unique operation named: lockHospitalSetUsingPUT_1
2024-04-28 16:33:04.848 [restartedMain] INFO  s.d.spring.web.scanners.ApiListingReferenceScanner - Scanning for api listing references
2024-04-28 16:33:04.914 [restartedMain] INFO  o.s.integration.monitor.IntegrationMBeanExporter - Registering MessageChannel springCloudBus.anonymous.o3-6VTfzSheM737Bd0wNRw.errors
2024-04-28 16:33:04.961 [restartedMain] INFO  org.apache.coyote.http11.Http11NioProtocol - Starting ProtocolHandler ["http-nio-8201"]
2024-04-28 16:33:04.977 [restartedMain] INFO  o.s.boot.web.embedded.tomcat.TomcatWebServer - Tomcat started on port(s): 8201 (http) with context path ''
2024-04-28 16:33:04.979 [restartedMain] INFO  com.alibaba.nacos.client.naming - [BEAT] adding beat: {"cluster":"DEFAULT","ip":"192.168.0.200","metadata":{"preserved.register.source":"SPRING_CLOUD"},"period":5000,"port":8201,"scheduled":false,"serviceName":"DEFAULT_GROUP@@service-hosp","stopped":false,"weight":1.0} to beat map.
2024-04-28 16:33:05.022 [restartedMain] INFO  com.alibaba.nacos.client.naming - [REGISTER-SERVICE] public registering service DEFAULT_GROUP@@service-hosp with instance: {"clusterName":"DEFAULT","enabled":true,"ephemeral":true,"healthy":true,"instanceHeartBeatInterval":5000,"instanceHeartBeatTimeOut":15000,"ip":"192.168.0.200","ipDeleteTimeout":30000,"metadata":{"preserved.register.source":"SPRING_CLOUD"},"port":8201,"weight":1.0}
2024-04-28 16:33:05.040 [restartedMain] INFO  c.alibaba.nacos.client.identify.CredentialWatcher - null No credential found
2024-04-28 16:33:05.055 [restartedMain] INFO  c.a.cloud.nacos.registry.NacosServiceRegistry - nacos registry, DEFAULT_GROUP service-hosp 192.168.0.200:8201 register finished
2024-04-28 16:33:05.059 [restartedMain] INFO  com.atguigu.yygh.hosp.ServiceHospApplication - Started ServiceHospApplication in 4.255 seconds (JVM running for 9.643)
2024-04-28 16:33:05.420 [RMI TCP Connection(1)-192.168.0.200] INFO  o.a.c.core.ContainerBase.[Tomcat].[localhost].[/] - Initializing Spring DispatcherServlet 'dispatcherServlet'
2024-04-28 16:33:05.420 [RMI TCP Connection(1)-192.168.0.200] INFO  org.springframework.web.servlet.DispatcherServlet - Initializing Servlet 'dispatcherServlet'
2024-04-28 16:33:05.426 [RMI TCP Connection(1)-192.168.0.200] INFO  org.springframework.web.servlet.DispatcherServlet - Completed initialization in 6 ms
2024-04-28 16:33:05.427 [RMI TCP Connection(2)-192.168.0.200] INFO  com.zaxxer.hikari.HikariDataSource - HikariPool-1 - Starting...
2024-04-28 16:33:05.543 [RMI TCP Connection(2)-192.168.0.200] INFO  com.zaxxer.hikari.HikariDataSource - HikariPool-1 - Start completed.
2024-04-28 16:33:05.653 [boundedElastic-1] INFO  io.lettuce.core.EpollProvider - Starting without optional epoll library
2024-04-28 16:33:05.654 [boundedElastic-1] INFO  io.lettuce.core.KqueueProvider - Starting without optional kqueue library
2024-04-28 16:34:37.630 [http-nio-8201-exec-1] INFO  com.netflix.config.ChainedDynamicProperty - Flipping property: service-cmn.ribbon.ActiveConnectionsLimit to use NEXT property: niws.loadbalancer.availabilityFilteringRule.activeConnectionsLimit = 2147483647
2024-04-28 16:34:37.642 [http-nio-8201-exec-1] INFO  com.netflix.loadbalancer.BaseLoadBalancer - Client: service-cmn instantiated a LoadBalancer: DynamicServerListLoadBalancer:{NFLoadBalancer:name=service-cmn,current list of Servers=[],Load balancer stats=Zone stats: {},Server stats: []}ServerList:null
2024-04-28 16:34:37.648 [http-nio-8201-exec-1] INFO  c.n.loadbalancer.DynamicServerListLoadBalancer - Using serverListUpdater PollingServerListUpdater
2024-04-28 16:34:42.677 [http-nio-8201-exec-1] INFO  com.alibaba.nacos.client.naming - new ips(1) service: DEFAULT_GROUP@@service-cmn -> [{"clusterName":"DEFAULT","enabled":true,"ephemeral":true,"healthy":true,"instanceHeartBeatInterval":5000,"instanceHeartBeatTimeOut":15000,"instanceId":"192.168.0.200#8202#DEFAULT#DEFAULT_GROUP@@service-cmn","ip":"192.168.0.200","ipDeleteTimeout":30000,"metadata":{"preserved.register.source":"SPRING_CLOUD"},"port":8202,"serviceName":"DEFAULT_GROUP@@service-cmn","weight":1.0}]
2024-04-28 16:34:42.682 [http-nio-8201-exec-1] INFO  com.alibaba.nacos.client.naming - current ips:(1) service: DEFAULT_GROUP@@service-cmn -> [{"clusterName":"DEFAULT","enabled":true,"ephemeral":true,"healthy":true,"instanceHeartBeatInterval":5000,"instanceHeartBeatTimeOut":15000,"instanceId":"192.168.0.200#8202#DEFAULT#DEFAULT_GROUP@@service-cmn","ip":"192.168.0.200","ipDeleteTimeout":30000,"metadata":{"preserved.register.source":"SPRING_CLOUD"},"port":8202,"serviceName":"DEFAULT_GROUP@@service-cmn","weight":1.0}]
2024-04-28 16:34:42.686 [http-nio-8201-exec-1] INFO  c.n.loadbalancer.DynamicServerListLoadBalancer - DynamicServerListLoadBalancer for client service-cmn initialized: DynamicServerListLoadBalancer:{NFLoadBalancer:name=service-cmn,current list of Servers=[],Load balancer stats=Zone stats: {},Server stats: []}ServerList:com.alibaba.cloud.nacos.ribbon.NacosServerList@50eb6dcf
2024-04-28 16:34:42.696 [PollingServerListUpdater-0] INFO  com.netflix.config.ChainedDynamicProperty - Flipping property: service-cmn.ribbon.ActiveConnectionsLimit to use NEXT property: niws.loadbalancer.availabilityFilteringRule.activeConnectionsLimit = 2147483647
2024-04-28 16:34:43.218 [com.alibaba.nacos.naming.push.receiver] INFO  com.alibaba.nacos.client.naming - received push data: {"type":"dom","data":"{\"name\":\"DEFAULT_GROUP@@service-cmn\",\"clusters\":\"\",\"cacheMillis\":10000,\"hosts\":[{\"instanceId\":\"192.168.0.200#8202#DEFAULT#DEFAULT_GROUP@@service-cmn\",\"ip\":\"192.168.0.200\",\"port\":8202,\"weight\":1.0,\"healthy\":true,\"enabled\":true,\"ephemeral\":true,\"clusterName\":\"DEFAULT\",\"serviceName\":\"DEFAULT_GROUP@@service-cmn\",\"metadata\":{\"preserved.register.source\":\"SPRING_CLOUD\"},\"ipDeleteTimeout\":30000,\"instanceHeartBeatInterval\":5000,\"instanceHeartBeatTimeOut\":15000}],\"lastRefTime\":1714336483197,\"checksum\":\"\",\"allIPs\":false,\"reachProtectionThreshold\":false,\"valid\":true}","lastRefTime":325153429124083} from /192.168.0.200
2024-04-28 16:36:10.838 [Thread-40] INFO  com.netflix.loadbalancer.PollingServerListUpdater - Shutting down the Executor Pool for PollingServerListUpdater
2024-04-28 16:36:10.850 [SpringContextShutdownHook] INFO  o.s.a.r.listener.SimpleMessageListenerContainer - Waiting for workers to finish.
2024-04-28 16:36:11.314 [com.alibaba.nacos.naming.push.receiver] INFO  com.alibaba.nacos.client.naming - received push data: {"type":"dom","data":"{\"name\":\"DEFAULT_GROUP@@service-cmn\",\"clusters\":\"\",\"cacheMillis\":10000,\"hosts\":[],\"lastRefTime\":1714336571313,\"checksum\":\"\",\"allIPs\":false,\"reachProtectionThreshold\":false,\"valid\":true}","lastRefTime":325241543121958} from /192.168.0.200
2024-04-28 16:36:11.315 [com.alibaba.nacos.naming.push.receiver] INFO  com.alibaba.nacos.client.naming - removed ips(1) service: DEFAULT_GROUP@@service-cmn -> [{"clusterName":"DEFAULT","enabled":true,"ephemeral":true,"healthy":true,"instanceHeartBeatInterval":5000,"instanceHeartBeatTimeOut":15000,"instanceId":"192.168.0.200#8202#DEFAULT#DEFAULT_GROUP@@service-cmn","ip":"192.168.0.200","ipDeleteTimeout":30000,"metadata":{"preserved.register.source":"SPRING_CLOUD"},"port":8202,"serviceName":"DEFAULT_GROUP@@service-cmn","weight":1.0}]
2024-04-28 16:36:11.316 [com.alibaba.nacos.naming.push.receiver] INFO  com.alibaba.nacos.client.naming - current ips:(0) service: DEFAULT_GROUP@@service-cmn -> []
2024-04-28 16:36:11.551 [SpringContextShutdownHook] INFO  o.s.a.r.listener.SimpleMessageListenerContainer - Successfully waited for workers to finish.
2024-04-28 16:36:11.557 [SpringContextShutdownHook] INFO  o.s.a.r.listener.SimpleMessageListenerContainer - Waiting for workers to finish.
2024-04-28 16:36:12.396 [SpringContextShutdownHook] INFO  o.s.a.r.listener.SimpleMessageListenerContainer - Successfully waited for workers to finish.
2024-04-28 16:36:12.396 [SpringContextShutdownHook] INFO  o.s.i.amqp.inbound.AmqpInboundChannelAdapter - stopped bean 'inbound.springCloudBus.anonymous.o3-6VTfzSheM737Bd0wNRw'
2024-04-28 16:36:12.401 [SpringContextShutdownHook] INFO  o.s.cloud.stream.binder.BinderErrorChannel - Channel 'application-1.springCloudBus.anonymous.o3-6VTfzSheM737Bd0wNRw.errors' has 1 subscriber(s).
2024-04-28 16:36:12.402 [SpringContextShutdownHook] INFO  o.s.cloud.stream.binder.BinderErrorChannel - Channel 'application-1.springCloudBus.anonymous.o3-6VTfzSheM737Bd0wNRw.errors' has 0 subscriber(s).
2024-04-28 16:36:12.404 [SpringContextShutdownHook] INFO  o.s.integration.endpoint.EventDrivenConsumer - Removing {logging-channel-adapter:_org.springframework.integration.errorLogger} as a subscriber to the 'errorChannel' channel
2024-04-28 16:36:12.405 [SpringContextShutdownHook] INFO  o.s.integration.channel.PublishSubscribeChannel - Channel 'application-1.errorChannel' has 0 subscriber(s).
2024-04-28 16:36:12.405 [SpringContextShutdownHook] INFO  o.s.integration.endpoint.EventDrivenConsumer - stopped bean '_org.springframework.integration.errorLogger'
2024-04-28 16:36:12.420 [SpringContextShutdownHook] INFO  c.a.cloud.nacos.registry.NacosServiceRegistry - De-registering from Nacos Server now...
2024-04-28 16:36:12.423 [SpringContextShutdownHook] INFO  com.alibaba.nacos.client.naming - [BEAT] removing beat: DEFAULT_GROUP@@service-hosp:192.168.0.200:8201 from beat map.
2024-04-28 16:36:12.427 [SpringContextShutdownHook] INFO  com.alibaba.nacos.client.naming - [DEREGISTER-SERVICE] public deregistering service DEFAULT_GROUP@@service-hosp with instance: {"clusterName":"DEFAULT","enabled":true,"ephemeral":true,"healthy":true,"instanceHeartBeatInterval":5000,"instanceHeartBeatTimeOut":15000,"instanceIdGenerator":"simple","ip":"192.168.0.200","ipDeleteTimeout":30000,"metadata":{},"port":8201,"weight":1.0}
2024-04-28 16:36:12.435 [SpringContextShutdownHook] INFO  c.a.cloud.nacos.registry.NacosServiceRegistry - De-registration finished.
2024-04-28 16:36:12.436 [SpringContextShutdownHook] INFO  o.s.scheduling.concurrent.ThreadPoolTaskExecutor - Shutting down ExecutorService 'applicationTaskExecutor'
2024-04-28 16:36:12.445 [SpringContextShutdownHook] INFO  o.s.a.r.listener.SimpleMessageListenerContainer - Shutdown ignored - container is not active already
2024-04-28 16:36:12.448 [SpringContextShutdownHook] INFO  o.s.scheduling.concurrent.ThreadPoolTaskScheduler - Shutting down ExecutorService 'taskScheduler'
2024-04-28 16:36:12.453 [SpringContextShutdownHook] INFO  org.mongodb.driver.connection - Closed connection [connectionId{localValue:2, serverValue:2}] to localhost:27017 because the pool has been closed.
2024-04-28 16:36:12.591 [SpringContextShutdownHook] INFO  o.s.integration.monitor.IntegrationMBeanExporter - Summary on shutdown: bean 'errorChannel'
2024-04-28 16:36:12.591 [SpringContextShutdownHook] INFO  o.s.integration.monitor.IntegrationMBeanExporter - Summary on shutdown: nullChannel
2024-04-28 16:36:12.591 [SpringContextShutdownHook] INFO  o.s.integration.monitor.IntegrationMBeanExporter - Summary on shutdown: bean 'springCloudBusInput'
2024-04-28 16:36:12.592 [SpringContextShutdownHook] INFO  o.s.integration.monitor.IntegrationMBeanExporter - Summary on shutdown: bean 'springCloudBusOutput'
2024-04-28 16:36:12.592 [SpringContextShutdownHook] INFO  o.s.integration.monitor.IntegrationMBeanExporter - Summary on shutdown: bean '_org.springframework.integration.errorLogger.handler' for component '_org.springframework.integration.errorLogger'
2024-04-28 16:36:12.592 [SpringContextShutdownHook] INFO  o.s.integration.monitor.IntegrationMBeanExporter - Summary on shutdown: org.springframework.cloud.stream.binding.StreamListenerMessageHandler@2864759a
2024-04-28 16:36:12.592 [SpringContextShutdownHook] INFO  com.zaxxer.hikari.HikariDataSource - HikariPool-1 - Shutdown initiated...
2024-04-28 16:36:12.614 [SpringContextShutdownHook] INFO  com.zaxxer.hikari.HikariDataSource - HikariPool-1 - Shutdown completed.
2024-04-28 16:36:37.053 [restartedMain] INFO  com.atguigu.yygh.hosp.ServiceHospApplication - The following profiles are active: dev
2024-04-28 16:36:37.822 [restartedMain] INFO  o.s.d.r.config.RepositoryConfigurationDelegate - Multiple Spring Data modules found, entering strict repository configuration mode!
2024-04-28 16:36:37.822 [restartedMain] INFO  o.s.d.r.config.RepositoryConfigurationDelegate - Bootstrapping Spring Data repositories in DEFAULT mode.
2024-04-28 16:36:37.855 [restartedMain] INFO  o.s.d.r.config.RepositoryConfigurationDelegate - Finished Spring Data repository scanning in 30ms. Found 3 repository interfaces.
2024-04-28 16:36:37.862 [restartedMain] INFO  o.s.d.r.config.RepositoryConfigurationDelegate - Multiple Spring Data modules found, entering strict repository configuration mode!
2024-04-28 16:36:37.863 [restartedMain] INFO  o.s.d.r.config.RepositoryConfigurationDelegate - Bootstrapping Spring Data repositories in DEFAULT mode.
2024-04-28 16:36:37.871 [restartedMain] INFO  o.s.d.r.c.RepositoryConfigurationExtensionSupport - Spring Data Redis - Could not safely identify store assignment for repository candidate interface com.atguigu.yygh.hosp.repository.DepartmentRepository. If you want this repository to be a Redis repository, consider annotating your entities with one of these annotations: org.springframework.data.redis.core.RedisHash (preferred), or consider extending one of the following types with your repository: org.springframework.data.keyvalue.repository.KeyValueRepository.
2024-04-28 16:36:37.872 [restartedMain] INFO  o.s.d.r.c.RepositoryConfigurationExtensionSupport - Spring Data Redis - Could not safely identify store assignment for repository candidate interface com.atguigu.yygh.hosp.repository.HospitalRepository. If you want this repository to be a Redis repository, consider annotating your entities with one of these annotations: org.springframework.data.redis.core.RedisHash (preferred), or consider extending one of the following types with your repository: org.springframework.data.keyvalue.repository.KeyValueRepository.
2024-04-28 16:36:37.872 [restartedMain] INFO  o.s.d.r.c.RepositoryConfigurationExtensionSupport - Spring Data Redis - Could not safely identify store assignment for repository candidate interface com.atguigu.yygh.hosp.repository.ScheduleRepository. If you want this repository to be a Redis repository, consider annotating your entities with one of these annotations: org.springframework.data.redis.core.RedisHash (preferred), or consider extending one of the following types with your repository: org.springframework.data.keyvalue.repository.KeyValueRepository.
2024-04-28 16:36:37.872 [restartedMain] INFO  o.s.d.r.config.RepositoryConfigurationDelegate - Finished Spring Data repository scanning in 5ms. Found 0 repository interfaces.
2024-04-28 16:36:38.057 [restartedMain] INFO  o.springframework.cloud.context.scope.GenericScope - BeanFactory id=453e5b6d-ef8b-393a-9ea9-9aa3cbfd0900
2024-04-28 16:36:38.158 [restartedMain] INFO  o.s.i.c.DefaultConfiguringBeanFactoryPostProcessor - No bean named 'errorChannel' has been explicitly defined. Therefore, a default PublishSubscribeChannel will be created.
2024-04-28 16:36:38.161 [restartedMain] INFO  o.s.i.c.DefaultConfiguringBeanFactoryPostProcessor - No bean named 'taskScheduler' has been explicitly defined. Therefore, a default ThreadPoolTaskScheduler will be created.
2024-04-28 16:36:38.164 [restartedMain] INFO  o.s.i.c.DefaultConfiguringBeanFactoryPostProcessor - No bean named 'integrationHeaderChannelRegistry' has been explicitly defined. Therefore, a default DefaultHeaderChannelRegistry will be created.
2024-04-28 16:36:38.211 [restartedMain] INFO  o.s.c.s.PostProcessorRegistrationDelegate$BeanPostProcessorChecker - Bean 'org.springframework.transaction.annotation.ProxyTransactionManagementConfiguration' of type [org.springframework.transaction.annotation.ProxyTransactionManagementConfiguration] is not eligible for getting processed by all BeanPostProcessors (for example: not eligible for auto-proxying)
2024-04-28 16:36:38.242 [restartedMain] INFO  o.s.c.s.PostProcessorRegistrationDelegate$BeanPostProcessorChecker - Bean 'integrationChannelResolver' of type [org.springframework.integration.support.channel.BeanFactoryChannelResolver] is not eligible for getting processed by all BeanPostProcessors (for example: not eligible for auto-proxying)
2024-04-28 16:36:38.243 [restartedMain] INFO  o.s.c.s.PostProcessorRegistrationDelegate$BeanPostProcessorChecker - Bean 'integrationDisposableAutoCreatedBeans' of type [org.springframework.integration.config.annotation.Disposables] is not eligible for getting processed by all BeanPostProcessors (for example: not eligible for auto-proxying)
2024-04-28 16:36:38.252 [restartedMain] INFO  o.s.c.s.PostProcessorRegistrationDelegate$BeanPostProcessorChecker - Bean 'org.springframework.integration.config.IntegrationManagementConfiguration' of type [org.springframework.integration.config.IntegrationManagementConfiguration] is not eligible for getting processed by all BeanPostProcessors (for example: not eligible for auto-proxying)
2024-04-28 16:36:38.256 [restartedMain] INFO  o.s.c.s.PostProcessorRegistrationDelegate$BeanPostProcessorChecker - Bean 'org.springframework.boot.autoconfigure.integration.IntegrationAutoConfiguration$IntegrationJmxConfiguration' of type [org.springframework.boot.autoconfigure.integration.IntegrationAutoConfiguration$IntegrationJmxConfiguration] is not eligible for getting processed by all BeanPostProcessors (for example: not eligible for auto-proxying)
2024-04-28 16:36:38.261 [restartedMain] INFO  o.s.c.s.PostProcessorRegistrationDelegate$BeanPostProcessorChecker - Bean 'org.springframework.boot.autoconfigure.jmx.JmxAutoConfiguration' of type [org.springframework.boot.autoconfigure.jmx.JmxAutoConfiguration] is not eligible for getting processed by all BeanPostProcessors (for example: not eligible for auto-proxying)
2024-04-28 16:36:38.264 [restartedMain] INFO  o.s.c.s.PostProcessorRegistrationDelegate$BeanPostProcessorChecker - Bean 'mbeanServer' of type [com.sun.jmx.mbeanserver.JmxMBeanServer] is not eligible for getting processed by all BeanPostProcessors (for example: not eligible for auto-proxying)
2024-04-28 16:36:38.280 [restartedMain] INFO  o.s.c.s.PostProcessorRegistrationDelegate$BeanPostProcessorChecker - Bean 'org.springframework.cloud.autoconfigure.ConfigurationPropertiesRebinderAutoConfiguration' of type [org.springframework.cloud.autoconfigure.ConfigurationPropertiesRebinderAutoConfiguration] is not eligible for getting processed by all BeanPostProcessors (for example: not eligible for auto-proxying)
2024-04-28 16:36:38.538 [restartedMain] INFO  o.s.boot.web.embedded.tomcat.TomcatWebServer - Tomcat initialized with port(s): 8201 (http)
2024-04-28 16:36:38.545 [restartedMain] INFO  org.apache.coyote.http11.Http11NioProtocol - Initializing ProtocolHandler ["http-nio-8201"]
2024-04-28 16:36:38.545 [restartedMain] INFO  org.apache.catalina.core.StandardService - Starting service [Tomcat]
2024-04-28 16:36:38.546 [restartedMain] INFO  org.apache.catalina.core.StandardEngine - Starting Servlet engine: [Apache Tomcat/9.0.27]
2024-04-28 16:36:38.603 [restartedMain] INFO  o.a.c.core.ContainerBase.[Tomcat].[localhost].[/] - Initializing Spring embedded WebApplicationContext
2024-04-28 16:36:38.603 [restartedMain] INFO  org.springframework.web.context.ContextLoader - Root WebApplicationContext: initialization completed in 1540 ms
2024-04-28 16:36:39.069 [restartedMain] INFO  org.mongodb.driver.cluster - Cluster created with settings {hosts=[localhost:27017], mode=SINGLE, requiredClusterType=UNKNOWN, serverSelectionTimeout='30000 ms', maxWaitQueueSize=500}
2024-04-28 16:36:39.111 [cluster-ClusterId{value='662eb3573297270016428d12', description='null'}-localhost:27017] INFO  org.mongodb.driver.connection - Opened connection [connectionId{localValue:1, serverValue:3}] to localhost:27017
2024-04-28 16:36:39.118 [cluster-ClusterId{value='662eb3573297270016428d12', description='null'}-localhost:27017] INFO  org.mongodb.driver.cluster - Monitor thread successfully connected to server with description ServerDescription{address=localhost:27017, type=STANDALONE, state=CONNECTED, ok=true, version=ServerVersion{versionList=[7, 0, 8]}, minWireVersion=0, maxWireVersion=21, maxDocumentSize=16777216, logicalSessionTimeoutMinutes=30, roundTripTimeNanos=4372292}
2024-04-28 16:36:39.332 [restartedMain] INFO  o.s.scheduling.concurrent.ThreadPoolTaskScheduler - Initializing ExecutorService 'taskScheduler'
2024-04-28 16:36:39.540 [restartedMain] INFO  org.mongodb.driver.connection - Opened connection [connectionId{localValue:2, serverValue:4}] to localhost:27017
2024-04-28 16:36:40.122 [restartedMain] INFO  o.s.b.actuate.endpoint.web.EndpointLinksResolver - Exposing 2 endpoint(s) beneath base path '/actuator'
2024-04-28 16:36:40.192 [restartedMain] INFO  s.d.s.w.PropertySourcedRequestMappingHandlerMapping - Mapped URL path [/v2/api-docs] onto method [springfox.documentation.swagger2.web.Swagger2Controller#getDocumentation(String, HttpServletRequest)]
2024-04-28 16:36:40.208 [restartedMain] INFO  com.netflix.config.sources.URLConfigurationSource - To enable URLs as dynamic configuration sources, define System property archaius.configurationSource.additionalUrls or make config.properties available on classpath.
2024-04-28 16:36:40.211 [restartedMain] INFO  com.netflix.config.sources.URLConfigurationSource - To enable URLs as dynamic configuration sources, define System property archaius.configurationSource.additionalUrls or make config.properties available on classpath.
2024-04-28 16:36:40.257 [restartedMain] INFO  o.s.scheduling.concurrent.ThreadPoolTaskExecutor - Initializing ExecutorService 'applicationTaskExecutor'
2024-04-28 16:36:40.428 [restartedMain] INFO  o.s.c.f.c.catalog.BeanFactoryAwareFunctionRegistry - Looking up function 'null' with acceptedOutputTypes: []
2024-04-28 16:36:40.662 [restartedMain] INFO  o.s.c.stream.messaging.DirectWithAttributesChannel - Channel 'application-1.springCloudBusInput' has 1 subscriber(s).
2024-04-28 16:36:40.753 [restartedMain] INFO  o.s.integration.monitor.IntegrationMBeanExporter - Registering MessageChannel springCloudBusInput
2024-04-28 16:36:40.807 [restartedMain] INFO  o.s.integration.monitor.IntegrationMBeanExporter - Registering MessageChannel errorChannel
2024-04-28 16:36:40.836 [restartedMain] INFO  o.s.integration.monitor.IntegrationMBeanExporter - Registering MessageChannel springCloudBusOutput
2024-04-28 16:36:40.843 [restartedMain] INFO  o.s.integration.monitor.IntegrationMBeanExporter - Registering MessageChannel nullChannel
2024-04-28 16:36:40.859 [restartedMain] INFO  o.s.integration.monitor.IntegrationMBeanExporter - Registering MessageHandler errorLogger
2024-04-28 16:36:40.875 [restartedMain] INFO  o.s.integration.monitor.IntegrationMBeanExporter - Registering MessageHandler org.springframework.cloud.stream.binding.StreamListenerMessageHandler@1732d95b
2024-04-28 16:36:40.939 [restartedMain] INFO  o.s.integration.endpoint.EventDrivenConsumer - Adding {logging-channel-adapter:_org.springframework.integration.errorLogger} as a subscriber to the 'errorChannel' channel
2024-04-28 16:36:40.939 [restartedMain] INFO  o.s.integration.channel.PublishSubscribeChannel - Channel 'application-1.errorChannel' has 1 subscriber(s).
2024-04-28 16:36:40.939 [restartedMain] INFO  o.s.integration.endpoint.EventDrivenConsumer - started bean '_org.springframework.integration.errorLogger'
2024-04-28 16:36:41.089 [restartedMain] INFO  o.s.a.rabbit.connection.CachingConnectionFactory - Attempting to connect to: [127.0.0.1:5672]
2024-04-28 16:36:41.117 [restartedMain] INFO  o.s.a.rabbit.connection.CachingConnectionFactory - Created new connection: rabbitConnectionFactory#77c036bf:0/SimpleConnection@18c5f203 [delegate=amqp://guest@127.0.0.1:5672/, localPort= 58357]
2024-04-28 16:36:41.158 [restartedMain] INFO  o.s.c.stream.messaging.DirectWithAttributesChannel - Channel 'application-1.springCloudBusOutput' has 1 subscriber(s).
2024-04-28 16:36:41.179 [restartedMain] INFO  o.s.c.s.b.r.p.RabbitExchangeQueueProvisioner - declaring queue for inbound: springCloudBus.anonymous.BZFn2Mj_QamzBwHV-f21gA, bound to: springCloudBus
2024-04-28 16:36:41.196 [restartedMain] INFO  o.s.cloud.stream.binder.BinderErrorChannel - Channel 'springCloudBus.anonymous.BZFn2Mj_QamzBwHV-f21gA.errors' has 1 subscriber(s).
2024-04-28 16:36:41.196 [restartedMain] INFO  o.s.cloud.stream.binder.BinderErrorChannel - Channel 'springCloudBus.anonymous.BZFn2Mj_QamzBwHV-f21gA.errors' has 2 subscriber(s).
2024-04-28 16:36:41.209 [restartedMain] INFO  o.s.i.amqp.inbound.AmqpInboundChannelAdapter - started bean 'inbound.springCloudBus.anonymous.BZFn2Mj_QamzBwHV-f21gA'
2024-04-28 16:36:41.211 [restartedMain] INFO  s.d.s.web.plugins.DocumentationPluginsBootstrapper - Context refreshed
2024-04-28 16:36:41.219 [restartedMain] INFO  s.d.s.web.plugins.DocumentationPluginsBootstrapper - Found 2 custom documentation plugin(s)
2024-04-28 16:36:41.240 [restartedMain] INFO  s.d.spring.web.scanners.ApiListingReferenceScanner - Scanning for api listing references
2024-04-28 16:36:41.349 [restartedMain] INFO  s.d.s.w.r.operation.CachingOperationNameGenerator - Generating unique operation named: lockHospitalSetUsingPUT_1
2024-04-28 16:36:41.376 [restartedMain] INFO  s.d.spring.web.scanners.ApiListingReferenceScanner - Scanning for api listing references
2024-04-28 16:36:41.452 [restartedMain] INFO  o.s.integration.monitor.IntegrationMBeanExporter - Registering MessageChannel springCloudBus.anonymous.BZFn2Mj_QamzBwHV-f21gA.errors
2024-04-28 16:36:41.508 [restartedMain] INFO  org.apache.coyote.http11.Http11NioProtocol - Starting ProtocolHandler ["http-nio-8201"]
2024-04-28 16:36:41.540 [restartedMain] INFO  o.s.boot.web.embedded.tomcat.TomcatWebServer - Tomcat started on port(s): 8201 (http) with context path ''
2024-04-28 16:36:41.545 [restartedMain] INFO  com.alibaba.nacos.client.naming - [BEAT] adding beat: {"cluster":"DEFAULT","ip":"192.168.0.200","metadata":{"preserved.register.source":"SPRING_CLOUD"},"period":5000,"port":8201,"scheduled":false,"serviceName":"DEFAULT_GROUP@@service-hosp","stopped":false,"weight":1.0} to beat map.
2024-04-28 16:36:41.585 [restartedMain] INFO  com.alibaba.nacos.client.naming - [REGISTER-SERVICE] public registering service DEFAULT_GROUP@@service-hosp with instance: {"clusterName":"DEFAULT","enabled":true,"ephemeral":true,"healthy":true,"instanceHeartBeatInterval":5000,"instanceHeartBeatTimeOut":15000,"ip":"192.168.0.200","ipDeleteTimeout":30000,"metadata":{"preserved.register.source":"SPRING_CLOUD"},"port":8201,"weight":1.0}
2024-04-28 16:36:41.609 [restartedMain] INFO  c.alibaba.nacos.client.identify.CredentialWatcher - null No credential found
2024-04-28 16:36:41.626 [restartedMain] INFO  c.a.cloud.nacos.registry.NacosServiceRegistry - nacos registry, DEFAULT_GROUP service-hosp 192.168.0.200:8201 register finished
2024-04-28 16:36:41.630 [restartedMain] INFO  com.atguigu.yygh.hosp.ServiceHospApplication - Started ServiceHospApplication in 5.026 seconds (JVM running for 10.431)
2024-04-28 16:36:41.766 [RMI TCP Connection(3)-192.168.0.200] INFO  o.a.c.core.ContainerBase.[Tomcat].[localhost].[/] - Initializing Spring DispatcherServlet 'dispatcherServlet'
2024-04-28 16:36:41.767 [RMI TCP Connection(3)-192.168.0.200] INFO  org.springframework.web.servlet.DispatcherServlet - Initializing Servlet 'dispatcherServlet'
2024-04-28 16:36:41.769 [RMI TCP Connection(2)-192.168.0.200] INFO  com.zaxxer.hikari.HikariDataSource - HikariPool-1 - Starting...
2024-04-28 16:36:41.784 [RMI TCP Connection(3)-192.168.0.200] INFO  org.springframework.web.servlet.DispatcherServlet - Completed initialization in 17 ms
2024-04-28 16:36:41.890 [RMI TCP Connection(2)-192.168.0.200] INFO  com.zaxxer.hikari.HikariDataSource - HikariPool-1 - Start completed.
2024-04-28 16:36:42.007 [boundedElastic-1] INFO  io.lettuce.core.EpollProvider - Starting without optional epoll library
2024-04-28 16:36:42.008 [boundedElastic-1] INFO  io.lettuce.core.KqueueProvider - Starting without optional kqueue library
2024-04-28 16:36:58.542 [SpringContextShutdownHook] INFO  o.s.a.r.listener.SimpleMessageListenerContainer - Waiting for workers to finish.
2024-04-28 16:36:59.493 [SpringContextShutdownHook] INFO  o.s.a.r.listener.SimpleMessageListenerContainer - Successfully waited for workers to finish.
2024-04-28 16:36:59.499 [SpringContextShutdownHook] INFO  o.s.a.r.listener.SimpleMessageListenerContainer - Waiting for workers to finish.
2024-04-28 16:37:00.275 [SpringContextShutdownHook] INFO  o.s.a.r.listener.SimpleMessageListenerContainer - Successfully waited for workers to finish.
2024-04-28 16:37:00.276 [SpringContextShutdownHook] INFO  o.s.i.amqp.inbound.AmqpInboundChannelAdapter - stopped bean 'inbound.springCloudBus.anonymous.BZFn2Mj_QamzBwHV-f21gA'
2024-04-28 16:37:00.279 [SpringContextShutdownHook] INFO  o.s.cloud.stream.binder.BinderErrorChannel - Channel 'application-1.springCloudBus.anonymous.BZFn2Mj_QamzBwHV-f21gA.errors' has 1 subscriber(s).
2024-04-28 16:37:00.280 [SpringContextShutdownHook] INFO  o.s.cloud.stream.binder.BinderErrorChannel - Channel 'application-1.springCloudBus.anonymous.BZFn2Mj_QamzBwHV-f21gA.errors' has 0 subscriber(s).
2024-04-28 16:37:00.284 [SpringContextShutdownHook] INFO  o.s.integration.endpoint.EventDrivenConsumer - Removing {logging-channel-adapter:_org.springframework.integration.errorLogger} as a subscriber to the 'errorChannel' channel
2024-04-28 16:37:00.284 [SpringContextShutdownHook] INFO  o.s.integration.channel.PublishSubscribeChannel - Channel 'application-1.errorChannel' has 0 subscriber(s).
2024-04-28 16:37:00.285 [SpringContextShutdownHook] INFO  o.s.integration.endpoint.EventDrivenConsumer - stopped bean '_org.springframework.integration.errorLogger'
2024-04-28 16:37:00.289 [SpringContextShutdownHook] INFO  c.a.cloud.nacos.registry.NacosServiceRegistry - De-registering from Nacos Server now...
2024-04-28 16:37:00.289 [SpringContextShutdownHook] INFO  com.alibaba.nacos.client.naming - [BEAT] removing beat: DEFAULT_GROUP@@service-hosp:192.168.0.200:8201 from beat map.
2024-04-28 16:37:00.290 [SpringContextShutdownHook] INFO  com.alibaba.nacos.client.naming - [DEREGISTER-SERVICE] public deregistering service DEFAULT_GROUP@@service-hosp with instance: {"clusterName":"DEFAULT","enabled":true,"ephemeral":true,"healthy":true,"instanceHeartBeatInterval":5000,"instanceHeartBeatTimeOut":15000,"instanceIdGenerator":"simple","ip":"192.168.0.200","ipDeleteTimeout":30000,"metadata":{},"port":8201,"weight":1.0}
2024-04-28 16:37:00.295 [SpringContextShutdownHook] INFO  c.a.cloud.nacos.registry.NacosServiceRegistry - De-registration finished.
2024-04-28 16:37:00.297 [SpringContextShutdownHook] INFO  o.s.scheduling.concurrent.ThreadPoolTaskExecutor - Shutting down ExecutorService 'applicationTaskExecutor'
2024-04-28 16:37:00.303 [SpringContextShutdownHook] INFO  o.s.a.r.listener.SimpleMessageListenerContainer - Shutdown ignored - container is not active already
2024-04-28 16:37:00.306 [SpringContextShutdownHook] INFO  o.s.scheduling.concurrent.ThreadPoolTaskScheduler - Shutting down ExecutorService 'taskScheduler'
2024-04-28 16:37:00.314 [SpringContextShutdownHook] INFO  org.mongodb.driver.connection - Closed connection [connectionId{localValue:2, serverValue:4}] to localhost:27017 because the pool has been closed.
2024-04-28 16:37:00.446 [SpringContextShutdownHook] INFO  o.s.integration.monitor.IntegrationMBeanExporter - Summary on shutdown: bean 'springCloudBusInput'
2024-04-28 16:37:00.447 [SpringContextShutdownHook] INFO  o.s.integration.monitor.IntegrationMBeanExporter - Summary on shutdown: bean 'errorChannel'
2024-04-28 16:37:00.447 [SpringContextShutdownHook] INFO  o.s.integration.monitor.IntegrationMBeanExporter - Summary on shutdown: bean 'springCloudBusOutput'
2024-04-28 16:37:00.447 [SpringContextShutdownHook] INFO  o.s.integration.monitor.IntegrationMBeanExporter - Summary on shutdown: nullChannel
2024-04-28 16:37:00.447 [SpringContextShutdownHook] INFO  o.s.integration.monitor.IntegrationMBeanExporter - Summary on shutdown: bean '_org.springframework.integration.errorLogger.handler' for component '_org.springframework.integration.errorLogger'
2024-04-28 16:37:00.447 [SpringContextShutdownHook] INFO  o.s.integration.monitor.IntegrationMBeanExporter - Summary on shutdown: org.springframework.cloud.stream.binding.StreamListenerMessageHandler@1732d95b
2024-04-28 16:37:00.447 [SpringContextShutdownHook] INFO  com.zaxxer.hikari.HikariDataSource - HikariPool-1 - Shutdown initiated...
2024-04-28 16:37:00.452 [SpringContextShutdownHook] INFO  com.zaxxer.hikari.HikariDataSource - HikariPool-1 - Shutdown completed.
2024-04-28 16:37:25.315 [restartedMain] INFO  com.atguigu.yygh.hosp.ServiceHospApplication - The following profiles are active: dev
2024-04-28 16:37:26.224 [restartedMain] INFO  o.s.d.r.config.RepositoryConfigurationDelegate - Multiple Spring Data modules found, entering strict repository configuration mode!
2024-04-28 16:37:26.224 [restartedMain] INFO  o.s.d.r.config.RepositoryConfigurationDelegate - Bootstrapping Spring Data repositories in DEFAULT mode.
2024-04-28 16:37:26.266 [restartedMain] INFO  o.s.d.r.config.RepositoryConfigurationDelegate - Finished Spring Data repository scanning in 40ms. Found 3 repository interfaces.
2024-04-28 16:37:26.276 [restartedMain] INFO  o.s.d.r.config.RepositoryConfigurationDelegate - Multiple Spring Data modules found, entering strict repository configuration mode!
2024-04-28 16:37:26.277 [restartedMain] INFO  o.s.d.r.config.RepositoryConfigurationDelegate - Bootstrapping Spring Data repositories in DEFAULT mode.
2024-04-28 16:37:26.285 [restartedMain] INFO  o.s.d.r.c.RepositoryConfigurationExtensionSupport - Spring Data Redis - Could not safely identify store assignment for repository candidate interface com.atguigu.yygh.hosp.repository.DepartmentRepository. If you want this repository to be a Redis repository, consider annotating your entities with one of these annotations: org.springframework.data.redis.core.RedisHash (preferred), or consider extending one of the following types with your repository: org.springframework.data.keyvalue.repository.KeyValueRepository.
2024-04-28 16:37:26.286 [restartedMain] INFO  o.s.d.r.c.RepositoryConfigurationExtensionSupport - Spring Data Redis - Could not safely identify store assignment for repository candidate interface com.atguigu.yygh.hosp.repository.HospitalRepository. If you want this repository to be a Redis repository, consider annotating your entities with one of these annotations: org.springframework.data.redis.core.RedisHash (preferred), or consider extending one of the following types with your repository: org.springframework.data.keyvalue.repository.KeyValueRepository.
2024-04-28 16:37:26.286 [restartedMain] INFO  o.s.d.r.c.RepositoryConfigurationExtensionSupport - Spring Data Redis - Could not safely identify store assignment for repository candidate interface com.atguigu.yygh.hosp.repository.ScheduleRepository. If you want this repository to be a Redis repository, consider annotating your entities with one of these annotations: org.springframework.data.redis.core.RedisHash (preferred), or consider extending one of the following types with your repository: org.springframework.data.keyvalue.repository.KeyValueRepository.
2024-04-28 16:37:26.287 [restartedMain] INFO  o.s.d.r.config.RepositoryConfigurationDelegate - Finished Spring Data repository scanning in 4ms. Found 0 repository interfaces.
2024-04-28 16:37:26.503 [restartedMain] INFO  o.springframework.cloud.context.scope.GenericScope - BeanFactory id=453e5b6d-ef8b-393a-9ea9-9aa3cbfd0900
2024-04-28 16:37:26.608 [restartedMain] INFO  o.s.i.c.DefaultConfiguringBeanFactoryPostProcessor - No bean named 'errorChannel' has been explicitly defined. Therefore, a default PublishSubscribeChannel will be created.
2024-04-28 16:37:26.611 [restartedMain] INFO  o.s.i.c.DefaultConfiguringBeanFactoryPostProcessor - No bean named 'taskScheduler' has been explicitly defined. Therefore, a default ThreadPoolTaskScheduler will be created.
2024-04-28 16:37:26.614 [restartedMain] INFO  o.s.i.c.DefaultConfiguringBeanFactoryPostProcessor - No bean named 'integrationHeaderChannelRegistry' has been explicitly defined. Therefore, a default DefaultHeaderChannelRegistry will be created.
2024-04-28 16:37:26.665 [restartedMain] INFO  o.s.c.s.PostProcessorRegistrationDelegate$BeanPostProcessorChecker - Bean 'org.springframework.transaction.annotation.ProxyTransactionManagementConfiguration' of type [org.springframework.transaction.annotation.ProxyTransactionManagementConfiguration] is not eligible for getting processed by all BeanPostProcessors (for example: not eligible for auto-proxying)
2024-04-28 16:37:26.702 [restartedMain] INFO  o.s.c.s.PostProcessorRegistrationDelegate$BeanPostProcessorChecker - Bean 'integrationChannelResolver' of type [org.springframework.integration.support.channel.BeanFactoryChannelResolver] is not eligible for getting processed by all BeanPostProcessors (for example: not eligible for auto-proxying)
2024-04-28 16:37:26.704 [restartedMain] INFO  o.s.c.s.PostProcessorRegistrationDelegate$BeanPostProcessorChecker - Bean 'integrationDisposableAutoCreatedBeans' of type [org.springframework.integration.config.annotation.Disposables] is not eligible for getting processed by all BeanPostProcessors (for example: not eligible for auto-proxying)
2024-04-28 16:37:26.715 [restartedMain] INFO  o.s.c.s.PostProcessorRegistrationDelegate$BeanPostProcessorChecker - Bean 'org.springframework.integration.config.IntegrationManagementConfiguration' of type [org.springframework.integration.config.IntegrationManagementConfiguration] is not eligible for getting processed by all BeanPostProcessors (for example: not eligible for auto-proxying)
2024-04-28 16:37:26.718 [restartedMain] INFO  o.s.c.s.PostProcessorRegistrationDelegate$BeanPostProcessorChecker - Bean 'org.springframework.boot.autoconfigure.integration.IntegrationAutoConfiguration$IntegrationJmxConfiguration' of type [org.springframework.boot.autoconfigure.integration.IntegrationAutoConfiguration$IntegrationJmxConfiguration] is not eligible for getting processed by all BeanPostProcessors (for example: not eligible for auto-proxying)
2024-04-28 16:37:26.724 [restartedMain] INFO  o.s.c.s.PostProcessorRegistrationDelegate$BeanPostProcessorChecker - Bean 'org.springframework.boot.autoconfigure.jmx.JmxAutoConfiguration' of type [org.springframework.boot.autoconfigure.jmx.JmxAutoConfiguration] is not eligible for getting processed by all BeanPostProcessors (for example: not eligible for auto-proxying)
2024-04-28 16:37:26.727 [restartedMain] INFO  o.s.c.s.PostProcessorRegistrationDelegate$BeanPostProcessorChecker - Bean 'mbeanServer' of type [com.sun.jmx.mbeanserver.JmxMBeanServer] is not eligible for getting processed by all BeanPostProcessors (for example: not eligible for auto-proxying)
2024-04-28 16:37:26.745 [restartedMain] INFO  o.s.c.s.PostProcessorRegistrationDelegate$BeanPostProcessorChecker - Bean 'org.springframework.cloud.autoconfigure.ConfigurationPropertiesRebinderAutoConfiguration' of type [org.springframework.cloud.autoconfigure.ConfigurationPropertiesRebinderAutoConfiguration] is not eligible for getting processed by all BeanPostProcessors (for example: not eligible for auto-proxying)
2024-04-28 16:37:27.025 [restartedMain] INFO  o.s.boot.web.embedded.tomcat.TomcatWebServer - Tomcat initialized with port(s): 8201 (http)
2024-04-28 16:37:27.032 [restartedMain] INFO  org.apache.coyote.http11.Http11NioProtocol - Initializing ProtocolHandler ["http-nio-8201"]
2024-04-28 16:37:27.033 [restartedMain] INFO  org.apache.catalina.core.StandardService - Starting service [Tomcat]
2024-04-28 16:37:27.033 [restartedMain] INFO  org.apache.catalina.core.StandardEngine - Starting Servlet engine: [Apache Tomcat/9.0.27]
2024-04-28 16:37:27.092 [restartedMain] INFO  o.a.c.core.ContainerBase.[Tomcat].[localhost].[/] - Initializing Spring embedded WebApplicationContext
2024-04-28 16:37:27.093 [restartedMain] INFO  org.springframework.web.context.ContextLoader - Root WebApplicationContext: initialization completed in 1766 ms
2024-04-28 16:37:27.572 [restartedMain] INFO  org.mongodb.driver.cluster - Cluster created with settings {hosts=[localhost:27017], mode=SINGLE, requiredClusterType=UNKNOWN, serverSelectionTimeout='30000 ms', maxWaitQueueSize=500}
2024-04-28 16:37:27.600 [cluster-ClusterId{value='662eb387a54510586921ca60', description='null'}-localhost:27017] INFO  org.mongodb.driver.connection - Opened connection [connectionId{localValue:1, serverValue:5}] to localhost:27017
2024-04-28 16:37:27.603 [cluster-ClusterId{value='662eb387a54510586921ca60', description='null'}-localhost:27017] INFO  org.mongodb.driver.cluster - Monitor thread successfully connected to server with description ServerDescription{address=localhost:27017, type=STANDALONE, state=CONNECTED, ok=true, version=ServerVersion{versionList=[7, 0, 8]}, minWireVersion=0, maxWireVersion=21, maxDocumentSize=16777216, logicalSessionTimeoutMinutes=30, roundTripTimeNanos=2053625}
2024-04-28 16:37:27.835 [restartedMain] INFO  o.s.scheduling.concurrent.ThreadPoolTaskScheduler - Initializing ExecutorService 'taskScheduler'
2024-04-28 16:37:28.098 [restartedMain] INFO  org.mongodb.driver.connection - Opened connection [connectionId{localValue:2, serverValue:6}] to localhost:27017
2024-04-28 16:37:28.898 [restartedMain] INFO  o.s.b.actuate.endpoint.web.EndpointLinksResolver - Exposing 2 endpoint(s) beneath base path '/actuator'
2024-04-28 16:37:28.979 [restartedMain] INFO  s.d.s.w.PropertySourcedRequestMappingHandlerMapping - Mapped URL path [/v2/api-docs] onto method [springfox.documentation.swagger2.web.Swagger2Controller#getDocumentation(String, HttpServletRequest)]
2024-04-28 16:37:28.997 [restartedMain] INFO  com.netflix.config.sources.URLConfigurationSource - To enable URLs as dynamic configuration sources, define System property archaius.configurationSource.additionalUrls or make config.properties available on classpath.
2024-04-28 16:37:29.000 [restartedMain] INFO  com.netflix.config.sources.URLConfigurationSource - To enable URLs as dynamic configuration sources, define System property archaius.configurationSource.additionalUrls or make config.properties available on classpath.
2024-04-28 16:37:29.056 [restartedMain] INFO  o.s.scheduling.concurrent.ThreadPoolTaskExecutor - Initializing ExecutorService 'applicationTaskExecutor'
2024-04-28 16:37:29.252 [restartedMain] INFO  o.s.c.f.c.catalog.BeanFactoryAwareFunctionRegistry - Looking up function 'null' with acceptedOutputTypes: []
2024-04-28 16:37:29.522 [restartedMain] INFO  o.s.c.stream.messaging.DirectWithAttributesChannel - Channel 'application-1.springCloudBusInput' has 1 subscriber(s).
2024-04-28 16:37:29.616 [restartedMain] INFO  o.s.integration.monitor.IntegrationMBeanExporter - Registering MessageChannel nullChannel
2024-04-28 16:37:29.630 [restartedMain] INFO  o.s.integration.monitor.IntegrationMBeanExporter - Registering MessageChannel springCloudBusOutput
2024-04-28 16:37:29.685 [restartedMain] INFO  o.s.integration.monitor.IntegrationMBeanExporter - Registering MessageChannel errorChannel
2024-04-28 16:37:29.721 [restartedMain] INFO  o.s.integration.monitor.IntegrationMBeanExporter - Registering MessageChannel springCloudBusInput
2024-04-28 16:37:29.733 [restartedMain] INFO  o.s.integration.monitor.IntegrationMBeanExporter - Registering MessageHandler errorLogger
2024-04-28 16:37:29.754 [restartedMain] INFO  o.s.integration.monitor.IntegrationMBeanExporter - Registering MessageHandler org.springframework.cloud.stream.binding.StreamListenerMessageHandler@7c50ea08
2024-04-28 16:37:29.866 [restartedMain] INFO  o.s.integration.endpoint.EventDrivenConsumer - Adding {logging-channel-adapter:_org.springframework.integration.errorLogger} as a subscriber to the 'errorChannel' channel
2024-04-28 16:37:29.866 [restartedMain] INFO  o.s.integration.channel.PublishSubscribeChannel - Channel 'application-1.errorChannel' has 1 subscriber(s).
2024-04-28 16:37:29.866 [restartedMain] INFO  o.s.integration.endpoint.EventDrivenConsumer - started bean '_org.springframework.integration.errorLogger'
2024-04-28 16:37:35.061 [restartedMain] INFO  o.s.a.rabbit.connection.CachingConnectionFactory - Attempting to connect to: [127.0.0.1:5672]
2024-04-28 16:37:35.082 [restartedMain] INFO  o.s.a.rabbit.connection.CachingConnectionFactory - Created new connection: rabbitConnectionFactory#64a4693:0/SimpleConnection@10ee99be [delegate=amqp://guest@127.0.0.1:5672/, localPort= 58581]
2024-04-28 16:37:35.108 [restartedMain] INFO  o.s.c.stream.messaging.DirectWithAttributesChannel - Channel 'application-1.springCloudBusOutput' has 1 subscriber(s).
2024-04-28 16:37:35.127 [restartedMain] INFO  o.s.c.s.b.r.p.RabbitExchangeQueueProvisioner - declaring queue for inbound: springCloudBus.anonymous.ITNP4WdCSliVEnd6qmkRlQ, bound to: springCloudBus
2024-04-28 16:37:35.139 [restartedMain] INFO  o.s.cloud.stream.binder.BinderErrorChannel - Channel 'springCloudBus.anonymous.ITNP4WdCSliVEnd6qmkRlQ.errors' has 1 subscriber(s).
2024-04-28 16:37:35.139 [restartedMain] INFO  o.s.cloud.stream.binder.BinderErrorChannel - Channel 'springCloudBus.anonymous.ITNP4WdCSliVEnd6qmkRlQ.errors' has 2 subscriber(s).
2024-04-28 16:37:35.149 [restartedMain] INFO  o.s.i.amqp.inbound.AmqpInboundChannelAdapter - started bean 'inbound.springCloudBus.anonymous.ITNP4WdCSliVEnd6qmkRlQ'
2024-04-28 16:37:35.151 [restartedMain] INFO  s.d.s.web.plugins.DocumentationPluginsBootstrapper - Context refreshed
2024-04-28 16:37:35.160 [restartedMain] INFO  s.d.s.web.plugins.DocumentationPluginsBootstrapper - Found 2 custom documentation plugin(s)
2024-04-28 16:37:35.181 [restartedMain] INFO  s.d.spring.web.scanners.ApiListingReferenceScanner - Scanning for api listing references
2024-04-28 16:37:35.293 [restartedMain] INFO  s.d.s.w.r.operation.CachingOperationNameGenerator - Generating unique operation named: lockHospitalSetUsingPUT_1
2024-04-28 16:37:35.320 [restartedMain] INFO  s.d.spring.web.scanners.ApiListingReferenceScanner - Scanning for api listing references
2024-04-28 16:37:35.393 [restartedMain] INFO  o.s.integration.monitor.IntegrationMBeanExporter - Registering MessageChannel springCloudBus.anonymous.ITNP4WdCSliVEnd6qmkRlQ.errors
2024-04-28 16:37:35.448 [restartedMain] INFO  org.apache.coyote.http11.Http11NioProtocol - Starting ProtocolHandler ["http-nio-8201"]
2024-04-28 16:37:35.467 [restartedMain] INFO  o.s.boot.web.embedded.tomcat.TomcatWebServer - Tomcat started on port(s): 8201 (http) with context path ''
2024-04-28 16:37:35.470 [restartedMain] INFO  com.alibaba.nacos.client.naming - [BEAT] adding beat: {"cluster":"DEFAULT","ip":"192.168.0.200","metadata":{"preserved.register.source":"SPRING_CLOUD"},"period":5000,"port":8201,"scheduled":false,"serviceName":"DEFAULT_GROUP@@service-hosp","stopped":false,"weight":1.0} to beat map.
2024-04-28 16:37:35.510 [restartedMain] INFO  com.alibaba.nacos.client.naming - [REGISTER-SERVICE] public registering service DEFAULT_GROUP@@service-hosp with instance: {"clusterName":"DEFAULT","enabled":true,"ephemeral":true,"healthy":true,"instanceHeartBeatInterval":5000,"instanceHeartBeatTimeOut":15000,"ip":"192.168.0.200","ipDeleteTimeout":30000,"metadata":{"preserved.register.source":"SPRING_CLOUD"},"port":8201,"weight":1.0}
2024-04-28 16:37:35.531 [restartedMain] INFO  c.alibaba.nacos.client.identify.CredentialWatcher - null No credential found
2024-04-28 16:37:35.545 [restartedMain] INFO  c.a.cloud.nacos.registry.NacosServiceRegistry - nacos registry, DEFAULT_GROUP service-hosp 192.168.0.200:8201 register finished
2024-04-28 16:37:35.550 [restartedMain] INFO  com.atguigu.yygh.hosp.ServiceHospApplication - Started ServiceHospApplication in 10.807 seconds (JVM running for 16.279)
2024-04-28 16:37:35.911 [RMI TCP Connection(5)-192.168.0.200] INFO  o.a.c.core.ContainerBase.[Tomcat].[localhost].[/] - Initializing Spring DispatcherServlet 'dispatcherServlet'
2024-04-28 16:37:35.913 [RMI TCP Connection(5)-192.168.0.200] INFO  org.springframework.web.servlet.DispatcherServlet - Initializing Servlet 'dispatcherServlet'
2024-04-28 16:37:35.919 [RMI TCP Connection(4)-192.168.0.200] INFO  com.zaxxer.hikari.HikariDataSource - HikariPool-1 - Starting...
2024-04-28 16:37:35.924 [RMI TCP Connection(5)-192.168.0.200] INFO  org.springframework.web.servlet.DispatcherServlet - Completed initialization in 11 ms
2024-04-28 16:37:36.046 [RMI TCP Connection(4)-192.168.0.200] INFO  com.zaxxer.hikari.HikariDataSource - HikariPool-1 - Start completed.
2024-04-28 16:37:36.177 [boundedElastic-1] INFO  io.lettuce.core.EpollProvider - Starting without optional epoll library
2024-04-28 16:37:36.178 [boundedElastic-1] INFO  io.lettuce.core.KqueueProvider - Starting without optional kqueue library
2024-04-28 16:44:09.098 [http-nio-8201-exec-2] INFO  com.netflix.config.ChainedDynamicProperty - Flipping property: service-cmn.ribbon.ActiveConnectionsLimit to use NEXT property: niws.loadbalancer.availabilityFilteringRule.activeConnectionsLimit = 2147483647
2024-04-28 16:44:09.109 [http-nio-8201-exec-2] INFO  com.netflix.loadbalancer.BaseLoadBalancer - Client: service-cmn instantiated a LoadBalancer: DynamicServerListLoadBalancer:{NFLoadBalancer:name=service-cmn,current list of Servers=[],Load balancer stats=Zone stats: {},Server stats: []}ServerList:null
2024-04-28 16:44:09.113 [http-nio-8201-exec-2] INFO  c.n.loadbalancer.DynamicServerListLoadBalancer - Using serverListUpdater PollingServerListUpdater
2024-04-28 16:44:14.145 [http-nio-8201-exec-2] INFO  com.alibaba.nacos.client.naming - new ips(1) service: DEFAULT_GROUP@@service-cmn -> [{"clusterName":"DEFAULT","enabled":true,"ephemeral":true,"healthy":true,"instanceHeartBeatInterval":5000,"instanceHeartBeatTimeOut":15000,"instanceId":"192.168.0.200#8202#DEFAULT#DEFAULT_GROUP@@service-cmn","ip":"192.168.0.200","ipDeleteTimeout":30000,"metadata":{"preserved.register.source":"SPRING_CLOUD"},"port":8202,"serviceName":"DEFAULT_GROUP@@service-cmn","weight":1.0}]
2024-04-28 16:44:14.156 [http-nio-8201-exec-2] INFO  com.alibaba.nacos.client.naming - current ips:(1) service: DEFAULT_GROUP@@service-cmn -> [{"clusterName":"DEFAULT","enabled":true,"ephemeral":true,"healthy":true,"instanceHeartBeatInterval":5000,"instanceHeartBeatTimeOut":15000,"instanceId":"192.168.0.200#8202#DEFAULT#DEFAULT_GROUP@@service-cmn","ip":"192.168.0.200","ipDeleteTimeout":30000,"metadata":{"preserved.register.source":"SPRING_CLOUD"},"port":8202,"serviceName":"DEFAULT_GROUP@@service-cmn","weight":1.0}]
2024-04-28 16:44:14.161 [http-nio-8201-exec-2] INFO  c.n.loadbalancer.DynamicServerListLoadBalancer - DynamicServerListLoadBalancer for client service-cmn initialized: DynamicServerListLoadBalancer:{NFLoadBalancer:name=service-cmn,current list of Servers=[],Load balancer stats=Zone stats: {},Server stats: []}ServerList:com.alibaba.cloud.nacos.ribbon.NacosServerList@63a7d17d
2024-04-28 16:44:14.174 [PollingServerListUpdater-0] INFO  com.netflix.config.ChainedDynamicProperty - Flipping property: service-cmn.ribbon.ActiveConnectionsLimit to use NEXT property: niws.loadbalancer.availabilityFilteringRule.activeConnectionsLimit = 2147483647
2024-04-28 16:44:14.684 [com.alibaba.nacos.naming.push.receiver] INFO  com.alibaba.nacos.client.naming - received push data: {"type":"dom","data":"{\"name\":\"DEFAULT_GROUP@@service-cmn\",\"clusters\":\"\",\"cacheMillis\":10000,\"hosts\":[{\"instanceId\":\"192.168.0.200#8202#DEFAULT#DEFAULT_GROUP@@service-cmn\",\"ip\":\"192.168.0.200\",\"port\":8202,\"weight\":1.0,\"healthy\":true,\"enabled\":true,\"ephemeral\":true,\"clusterName\":\"DEFAULT\",\"serviceName\":\"DEFAULT_GROUP@@service-cmn\",\"metadata\":{\"preserved.register.source\":\"SPRING_CLOUD\"},\"ipDeleteTimeout\":30000,\"instanceHeartBeatInterval\":5000,\"instanceHeartBeatTimeOut\":15000}],\"lastRefTime\":1714337054677,\"checksum\":\"\",\"allIPs\":false,\"reachProtectionThreshold\":false,\"valid\":true}","lastRefTime":325724913884000} from /192.168.0.200
2024-04-28 17:22:22.262 [Thread-53] INFO  com.netflix.loadbalancer.PollingServerListUpdater - Shutting down the Executor Pool for PollingServerListUpdater
2024-04-28 17:22:22.316 [SpringContextShutdownHook] INFO  o.s.a.r.listener.SimpleMessageListenerContainer - Waiting for workers to finish.
2024-04-28 17:22:22.905 [com.alibaba.nacos.naming.push.receiver] INFO  com.alibaba.nacos.client.naming - received push data: {"type":"dom","data":"{\"name\":\"DEFAULT_GROUP@@service-cmn\",\"clusters\":\"\",\"cacheMillis\":10000,\"hosts\":[],\"lastRefTime\":1714339342900,\"checksum\":\"\",\"allIPs\":false,\"reachProtectionThreshold\":false,\"valid\":true}","lastRefTime":328013120406125} from /192.168.0.200
2024-04-28 17:22:22.906 [com.alibaba.nacos.naming.push.receiver] INFO  com.alibaba.nacos.client.naming - removed ips(1) service: DEFAULT_GROUP@@service-cmn -> [{"clusterName":"DEFAULT","enabled":true,"ephemeral":true,"healthy":true,"instanceHeartBeatInterval":5000,"instanceHeartBeatTimeOut":15000,"instanceId":"192.168.0.200#8202#DEFAULT#DEFAULT_GROUP@@service-cmn","ip":"192.168.0.200","ipDeleteTimeout":30000,"metadata":{"preserved.register.source":"SPRING_CLOUD"},"port":8202,"serviceName":"DEFAULT_GROUP@@service-cmn","weight":1.0}]
2024-04-28 17:22:22.908 [com.alibaba.nacos.naming.push.receiver] INFO  com.alibaba.nacos.client.naming - current ips:(0) service: DEFAULT_GROUP@@service-cmn -> []
2024-04-28 17:22:23.269 [SpringContextShutdownHook] INFO  o.s.a.r.listener.SimpleMessageListenerContainer - Successfully waited for workers to finish.
2024-04-28 17:22:23.275 [SpringContextShutdownHook] INFO  o.s.a.r.listener.SimpleMessageListenerContainer - Waiting for workers to finish.
2024-04-28 17:22:23.892 [SpringContextShutdownHook] INFO  o.s.a.r.listener.SimpleMessageListenerContainer - Successfully waited for workers to finish.
2024-04-28 17:22:23.893 [SpringContextShutdownHook] INFO  o.s.i.amqp.inbound.AmqpInboundChannelAdapter - stopped bean 'inbound.springCloudBus.anonymous.ITNP4WdCSliVEnd6qmkRlQ'
2024-04-28 17:22:23.901 [SpringContextShutdownHook] INFO  o.s.cloud.stream.binder.BinderErrorChannel - Channel 'application-1.springCloudBus.anonymous.ITNP4WdCSliVEnd6qmkRlQ.errors' has 1 subscriber(s).
2024-04-28 17:22:23.903 [SpringContextShutdownHook] INFO  o.s.cloud.stream.binder.BinderErrorChannel - Channel 'application-1.springCloudBus.anonymous.ITNP4WdCSliVEnd6qmkRlQ.errors' has 0 subscriber(s).
2024-04-28 17:22:23.907 [SpringContextShutdownHook] INFO  o.s.integration.endpoint.EventDrivenConsumer - Removing {logging-channel-adapter:_org.springframework.integration.errorLogger} as a subscriber to the 'errorChannel' channel
2024-04-28 17:22:23.908 [SpringContextShutdownHook] INFO  o.s.integration.channel.PublishSubscribeChannel - Channel 'application-1.errorChannel' has 0 subscriber(s).
2024-04-28 17:22:23.908 [SpringContextShutdownHook] INFO  o.s.integration.endpoint.EventDrivenConsumer - stopped bean '_org.springframework.integration.errorLogger'
2024-04-28 17:22:23.913 [SpringContextShutdownHook] INFO  c.a.cloud.nacos.registry.NacosServiceRegistry - De-registering from Nacos Server now...
2024-04-28 17:22:23.913 [SpringContextShutdownHook] INFO  com.alibaba.nacos.client.naming - [BEAT] removing beat: DEFAULT_GROUP@@service-hosp:192.168.0.200:8201 from beat map.
2024-04-28 17:22:23.913 [SpringContextShutdownHook] INFO  com.alibaba.nacos.client.naming - [DEREGISTER-SERVICE] public deregistering service DEFAULT_GROUP@@service-hosp with instance: {"clusterName":"DEFAULT","enabled":true,"ephemeral":true,"healthy":true,"instanceHeartBeatInterval":5000,"instanceHeartBeatTimeOut":15000,"instanceIdGenerator":"simple","ip":"192.168.0.200","ipDeleteTimeout":30000,"metadata":{},"port":8201,"weight":1.0}
2024-04-28 17:22:23.915 [SpringContextShutdownHook] INFO  c.a.cloud.nacos.registry.NacosServiceRegistry - De-registration finished.
2024-04-28 17:22:23.916 [SpringContextShutdownHook] INFO  o.s.scheduling.concurrent.ThreadPoolTaskExecutor - Shutting down ExecutorService 'applicationTaskExecutor'
2024-04-28 17:22:23.923 [SpringContextShutdownHook] INFO  o.s.a.r.listener.SimpleMessageListenerContainer - Shutdown ignored - container is not active already
2024-04-28 17:22:23.926 [SpringContextShutdownHook] INFO  o.s.scheduling.concurrent.ThreadPoolTaskScheduler - Shutting down ExecutorService 'taskScheduler'
2024-04-28 17:22:23.929 [SpringContextShutdownHook] INFO  org.mongodb.driver.connection - Closed connection [connectionId{localValue:2, serverValue:6}] to localhost:27017 because the pool has been closed.
2024-04-28 17:22:24.069 [SpringContextShutdownHook] INFO  o.s.integration.monitor.IntegrationMBeanExporter - Summary on shutdown: nullChannel
2024-04-28 17:22:24.069 [SpringContextShutdownHook] INFO  o.s.integration.monitor.IntegrationMBeanExporter - Summary on shutdown: bean 'springCloudBusOutput'
2024-04-28 17:22:24.069 [SpringContextShutdownHook] INFO  o.s.integration.monitor.IntegrationMBeanExporter - Summary on shutdown: bean 'errorChannel'
2024-04-28 17:22:24.070 [SpringContextShutdownHook] INFO  o.s.integration.monitor.IntegrationMBeanExporter - Summary on shutdown: bean 'springCloudBusInput'
2024-04-28 17:22:24.070 [SpringContextShutdownHook] INFO  o.s.integration.monitor.IntegrationMBeanExporter - Summary on shutdown: bean '_org.springframework.integration.errorLogger.handler' for component '_org.springframework.integration.errorLogger'
2024-04-28 17:22:24.070 [SpringContextShutdownHook] INFO  o.s.integration.monitor.IntegrationMBeanExporter - Summary on shutdown: org.springframework.cloud.stream.binding.StreamListenerMessageHandler@7c50ea08
2024-04-28 17:22:24.071 [SpringContextShutdownHook] INFO  com.zaxxer.hikari.HikariDataSource - HikariPool-1 - Shutdown initiated...
2024-04-28 17:22:24.073 [SpringContextShutdownHook] INFO  com.zaxxer.hikari.HikariDataSource - HikariPool-1 - Shutdown completed.
