2024-05-08 18:25:50.354 [restartedMain] WARN  o.springframework.boot.actuate.endpoint.EndpointId - Endpoint ID 'nacos-discovery' contains invalid characters, please migrate to a valid format.
2024-05-08 18:25:50.409 [restartedMain] WARN  o.springframework.boot.actuate.endpoint.EndpointId - Endpoint ID 'bus-env' contains invalid characters, please migrate to a valid format.
2024-05-08 18:25:50.623 [restartedMain] WARN  o.springframework.boot.actuate.endpoint.EndpointId - Endpoint ID 'bus-refresh' contains invalid characters, please migrate to a valid format.
2024-05-08 18:25:50.636 [restartedMain] WARN  o.springframework.boot.actuate.endpoint.EndpointId - Endpoint ID 'service-registry' contains invalid characters, please migrate to a valid format.
2024-05-08 18:25:51.741 [restartedMain] WARN  org.springframework.data.convert.CustomConversions - Registering converter from class java.time.LocalDateTime to class org.joda.time.LocalDateTime as reading converter although it doesn't convert from a store-supported type! You might wanna check you annotation setup at the converter implementation.
2024-05-08 18:25:51.743 [restartedMain] WARN  org.springframework.data.convert.CustomConversions - Registering converter from class java.time.LocalDateTime to class org.joda.time.LocalDateTime as reading converter although it doesn't convert from a store-supported type! You might wanna check you annotation setup at the converter implementation.
2024-05-08 18:25:51.743 [restartedMain] WARN  org.springframework.data.convert.CustomConversions - Registering converter from class java.time.LocalDateTime to class java.time.Instant as reading converter although it doesn't convert from a store-supported type! You might wanna check you annotation setup at the converter implementation.
2024-05-08 18:25:51.744 [restartedMain] WARN  org.springframework.data.convert.CustomConversions - Registering converter from class java.time.Instant to class java.time.LocalDateTime as reading converter although it doesn't convert from a store-supported type! You might wanna check you annotation setup at the converter implementation.
2024-05-08 18:25:51.754 [restartedMain] WARN  org.springframework.data.convert.CustomConversions - Registering converter from class java.time.LocalDateTime to class org.joda.time.LocalDateTime as reading converter although it doesn't convert from a store-supported type! You might wanna check you annotation setup at the converter implementation.
2024-05-08 18:25:51.755 [restartedMain] WARN  org.springframework.data.convert.CustomConversions - Registering converter from class java.time.LocalDateTime to class org.joda.time.LocalDateTime as reading converter although it doesn't convert from a store-supported type! You might wanna check you annotation setup at the converter implementation.
2024-05-08 18:25:51.755 [restartedMain] WARN  org.springframework.data.convert.CustomConversions - Registering converter from class java.time.LocalDateTime to class java.time.Instant as reading converter although it doesn't convert from a store-supported type! You might wanna check you annotation setup at the converter implementation.
2024-05-08 18:25:51.756 [restartedMain] WARN  org.springframework.data.convert.CustomConversions - Registering converter from class java.time.Instant to class java.time.LocalDateTime as reading converter although it doesn't convert from a store-supported type! You might wanna check you annotation setup at the converter implementation.
2024-05-08 18:25:52.068 [restartedMain] WARN  o.s.b.d.autoconfigure.OptionalLiveReloadServer - Unable to start LiveReload server
2024-05-08 18:25:52.072 [restartedMain] WARN  o.s.d.m.c.index.MongoPersistentEntityIndexCreator - Automatic index creation will be disabled by default as of Spring Data MongoDB 3.x.
	Please use 'MongoMappingContext#setAutoIndexCreation(boolean)' or override 'MongoConfigurationSupport#autoIndexCreation()' to be explicit.
	However, we recommend setting up indices manually in an application ready block. You may use index derivation there as well.

	> -----------------------------------------------------------------------------------------
	> @EventListener(ApplicationReadyEvent.class)
	> public void initIndicesAfterStartup() {
	>
	>     IndexOperations indexOps = mongoTemplate.indexOps(DomainType.class);
	>
	>     IndexResolver resolver = new MongoPersistentEntityIndexResolver(mongoMappingContext);
	>     resolver.resolveIndexFor(DomainType.class).forEach(indexOps::ensureIndex);
	> }
	> -----------------------------------------------------------------------------------------

2024-05-08 18:25:53.068 [restartedMain] WARN  com.netflix.config.sources.URLConfigurationSource - No URLs will be polled as dynamic configuration sources.
2024-05-08 18:25:53.071 [restartedMain] WARN  com.netflix.config.sources.URLConfigurationSource - No URLs will be polled as dynamic configuration sources.
2024-05-08 18:42:33.455 [AMQP Connection 127.0.0.1:5672] WARN  com.rabbitmq.client.impl.ForgivingExceptionHandler - An unexpected connection driver error occured (Exception message: Connection reset)
2024-05-08 18:42:33.578 [AMQP Connection 127.0.0.1:5672] WARN  com.rabbitmq.client.impl.ForgivingExceptionHandler - An unexpected connection driver error occured (Exception message: Connection reset)
2024-05-08 18:42:33.586 [AMQP Connection 127.0.0.1:5672] WARN  com.rabbitmq.client.impl.ForgivingExceptionHandler - An unexpected connection driver error occured (Exception message: Connection reset)
2024-05-08 18:42:38.550 [AMQP Connection 127.0.0.1:5672] WARN  com.rabbitmq.client.impl.ForgivingExceptionHandler - An unexpected connection driver error occured (Exception message: Connection reset)
2024-05-08 18:42:38.658 [AMQP Connection 127.0.0.1:5672] WARN  com.rabbitmq.client.impl.ForgivingExceptionHandler - An unexpected connection driver error occured (Exception message: Connection reset)
2024-05-08 18:42:38.661 [AMQP Connection 127.0.0.1:5672] WARN  com.rabbitmq.client.impl.ForgivingExceptionHandler - An unexpected connection driver error occured (Exception message: Connection reset)
2024-05-08 18:42:48.714 [springCloudBus.anonymous.PR4D5MWhQBipqZWzkYqyBw-4] WARN  o.s.a.r.listener.SimpleMessageListenerContainer - Consumer raised exception, processing can restart if the connection factory supports it. Exception summary: org.springframework.amqp.AmqpConnectException: java.net.ConnectException: Connection refused (Connection refused)
2024-05-08 18:42:48.831 [org.springframework.amqp.rabbit.RabbitListenerEndpointContainer#0-4] WARN  o.s.a.r.listener.SimpleMessageListenerContainer - Consumer raised exception, processing can restart if the connection factory supports it. Exception summary: org.springframework.amqp.AmqpConnectException: java.net.ConnectException: Connection refused (Connection refused)
2024-05-08 18:42:53.801 [springCloudBus.anonymous.PR4D5MWhQBipqZWzkYqyBw-5] WARN  o.s.a.r.listener.SimpleMessageListenerContainer - Consumer raised exception, processing can restart if the connection factory supports it. Exception summary: org.springframework.amqp.AmqpConnectException: java.net.ConnectException: Connection refused (Connection refused)
2024-05-08 18:42:53.944 [org.springframework.amqp.rabbit.RabbitListenerEndpointContainer#0-5] WARN  o.s.a.r.listener.SimpleMessageListenerContainer - Consumer raised exception, processing can restart if the connection factory supports it. Exception summary: org.springframework.amqp.AmqpConnectException: java.net.ConnectException: Connection refused (Connection refused)
2024-05-08 18:42:58.886 [springCloudBus.anonymous.PR4D5MWhQBipqZWzkYqyBw-6] WARN  o.s.a.r.listener.SimpleMessageListenerContainer - Consumer raised exception, processing can restart if the connection factory supports it. Exception summary: org.springframework.amqp.AmqpConnectException: java.net.ConnectException: Connection refused (Connection refused)
2024-05-08 18:42:59.034 [org.springframework.amqp.rabbit.RabbitListenerEndpointContainer#0-6] WARN  o.s.a.r.listener.SimpleMessageListenerContainer - Consumer raised exception, processing can restart if the connection factory supports it. Exception summary: org.springframework.amqp.AmqpConnectException: java.net.ConnectException: Connection refused (Connection refused)
2024-05-08 18:43:03.960 [springCloudBus.anonymous.PR4D5MWhQBipqZWzkYqyBw-7] WARN  o.s.a.r.listener.SimpleMessageListenerContainer - Consumer raised exception, processing can restart if the connection factory supports it. Exception summary: org.springframework.amqp.AmqpConnectException: java.net.ConnectException: Connection refused (Connection refused)
2024-05-08 18:43:04.129 [org.springframework.amqp.rabbit.RabbitListenerEndpointContainer#0-7] WARN  o.s.a.r.listener.SimpleMessageListenerContainer - Consumer raised exception, processing can restart if the connection factory supports it. Exception summary: org.springframework.amqp.AmqpConnectException: java.net.ConnectException: Connection refused (Connection refused)
2024-05-08 18:43:09.041 [springCloudBus.anonymous.PR4D5MWhQBipqZWzkYqyBw-8] WARN  o.s.a.r.listener.SimpleMessageListenerContainer - Consumer raised exception, processing can restart if the connection factory supports it. Exception summary: org.springframework.amqp.AmqpConnectException: java.net.ConnectException: Connection refused (Connection refused)
2024-05-08 18:43:09.203 [org.springframework.amqp.rabbit.RabbitListenerEndpointContainer#0-8] WARN  o.s.a.r.listener.SimpleMessageListenerContainer - Consumer raised exception, processing can restart if the connection factory supports it. Exception summary: org.springframework.amqp.AmqpConnectException: java.net.ConnectException: Connection refused (Connection refused)
2024-05-08 18:43:14.118 [springCloudBus.anonymous.PR4D5MWhQBipqZWzkYqyBw-9] WARN  o.s.a.r.listener.SimpleMessageListenerContainer - Consumer raised exception, processing can restart if the connection factory supports it. Exception summary: org.springframework.amqp.AmqpConnectException: java.net.ConnectException: Connection refused (Connection refused)
2024-05-08 18:43:14.296 [org.springframework.amqp.rabbit.RabbitListenerEndpointContainer#0-9] WARN  o.s.a.r.listener.SimpleMessageListenerContainer - Consumer raised exception, processing can restart if the connection factory supports it. Exception summary: org.springframework.amqp.AmqpConnectException: java.net.ConnectException: Connection refused (Connection refused)
2024-05-08 18:43:19.211 [springCloudBus.anonymous.PR4D5MWhQBipqZWzkYqyBw-10] WARN  o.s.a.r.listener.SimpleMessageListenerContainer - Consumer raised exception, processing can restart if the connection factory supports it. Exception summary: org.springframework.amqp.AmqpConnectException: java.net.ConnectException: Connection refused (Connection refused)
2024-05-08 18:43:19.391 [org.springframework.amqp.rabbit.RabbitListenerEndpointContainer#0-10] WARN  o.s.a.r.listener.SimpleMessageListenerContainer - Consumer raised exception, processing can restart if the connection factory supports it. Exception summary: org.springframework.amqp.AmqpConnectException: java.net.ConnectException: Connection refused (Connection refused)
2024-05-08 18:43:24.296 [springCloudBus.anonymous.PR4D5MWhQBipqZWzkYqyBw-11] WARN  o.s.a.r.listener.SimpleMessageListenerContainer - Consumer raised exception, processing can restart if the connection factory supports it. Exception summary: org.springframework.amqp.AmqpConnectException: java.net.ConnectException: Connection refused (Connection refused)
2024-05-08 18:43:24.484 [org.springframework.amqp.rabbit.RabbitListenerEndpointContainer#0-11] WARN  o.s.a.r.listener.SimpleMessageListenerContainer - Consumer raised exception, processing can restart if the connection factory supports it. Exception summary: org.springframework.amqp.AmqpConnectException: java.net.ConnectException: Connection refused (Connection refused)
2024-05-08 18:43:24.725 [lettuce-nioEventLoop-4-2] WARN  io.lettuce.core.protocol.ConnectionWatchdog - Cannot reconnect to [127.0.0.1:6379]: Connection refused: /127.0.0.1:6379
2024-05-08 18:43:29.394 [springCloudBus.anonymous.PR4D5MWhQBipqZWzkYqyBw-12] WARN  o.s.a.r.listener.SimpleMessageListenerContainer - Consumer raised exception, processing can restart if the connection factory supports it. Exception summary: org.springframework.amqp.AmqpConnectException: java.net.ConnectException: Connection refused (Connection refused)
2024-05-08 18:43:29.585 [org.springframework.amqp.rabbit.RabbitListenerEndpointContainer#0-12] WARN  o.s.a.r.listener.SimpleMessageListenerContainer - Consumer raised exception, processing can restart if the connection factory supports it. Exception summary: org.springframework.amqp.AmqpConnectException: java.net.ConnectException: Connection refused (Connection refused)
2024-05-08 18:43:33.807 [lettuce-nioEventLoop-4-6] WARN  io.lettuce.core.protocol.ConnectionWatchdog - Cannot reconnect to [127.0.0.1:6379]: Connection refused: /127.0.0.1:6379
2024-05-08 18:43:34.479 [springCloudBus.anonymous.PR4D5MWhQBipqZWzkYqyBw-13] WARN  o.s.a.r.listener.SimpleMessageListenerContainer - Consumer raised exception, processing can restart if the connection factory supports it. Exception summary: org.springframework.amqp.AmqpConnectException: java.net.ConnectException: Connection refused (Connection refused)
2024-05-08 18:43:34.677 [org.springframework.amqp.rabbit.RabbitListenerEndpointContainer#0-13] WARN  o.s.a.r.listener.SimpleMessageListenerContainer - Consumer raised exception, processing can restart if the connection factory supports it. Exception summary: org.springframework.amqp.AmqpConnectException: java.net.ConnectException: Connection refused (Connection refused)
2024-05-08 18:43:39.564 [springCloudBus.anonymous.PR4D5MWhQBipqZWzkYqyBw-14] WARN  o.s.a.r.listener.SimpleMessageListenerContainer - Consumer raised exception, processing can restart if the connection factory supports it. Exception summary: org.springframework.amqp.AmqpConnectException: java.net.ConnectException: Connection refused (Connection refused)
2024-05-08 18:43:39.772 [org.springframework.amqp.rabbit.RabbitListenerEndpointContainer#0-14] WARN  o.s.a.r.listener.SimpleMessageListenerContainer - Consumer raised exception, processing can restart if the connection factory supports it. Exception summary: org.springframework.amqp.AmqpConnectException: java.net.ConnectException: Connection refused (Connection refused)
2024-05-08 18:43:42.108 [lettuce-nioEventLoop-4-7] WARN  io.lettuce.core.protocol.ConnectionWatchdog - Cannot reconnect to [127.0.0.1:6379]: Connection refused: /127.0.0.1:6379
2024-05-08 18:43:44.639 [springCloudBus.anonymous.PR4D5MWhQBipqZWzkYqyBw-15] WARN  o.s.a.r.listener.SimpleMessageListenerContainer - Consumer raised exception, processing can restart if the connection factory supports it. Exception summary: org.springframework.amqp.AmqpConnectException: java.net.ConnectException: Connection refused (Connection refused)
2024-05-08 18:43:44.849 [org.springframework.amqp.rabbit.RabbitListenerEndpointContainer#0-15] WARN  o.s.a.r.listener.SimpleMessageListenerContainer - Consumer raised exception, processing can restart if the connection factory supports it. Exception summary: org.springframework.amqp.AmqpConnectException: java.net.ConnectException: Connection refused (Connection refused)
2024-05-08 18:43:49.723 [springCloudBus.anonymous.PR4D5MWhQBipqZWzkYqyBw-16] WARN  o.s.a.r.listener.SimpleMessageListenerContainer - Consumer raised exception, processing can restart if the connection factory supports it. Exception summary: org.springframework.amqp.AmqpConnectException: java.net.ConnectException: Connection refused (Connection refused)
2024-05-08 18:43:49.930 [org.springframework.amqp.rabbit.RabbitListenerEndpointContainer#0-16] WARN  o.s.a.r.listener.SimpleMessageListenerContainer - Consumer raised exception, processing can restart if the connection factory supports it. Exception summary: org.springframework.amqp.AmqpConnectException: java.net.ConnectException: Connection refused (Connection refused)
2024-05-08 18:43:54.791 [springCloudBus.anonymous.PR4D5MWhQBipqZWzkYqyBw-17] WARN  o.s.a.r.listener.SimpleMessageListenerContainer - Consumer raised exception, processing can restart if the connection factory supports it. Exception summary: org.springframework.amqp.AmqpConnectException: java.net.ConnectException: Connection refused (Connection refused)
2024-05-08 18:43:55.023 [org.springframework.amqp.rabbit.RabbitListenerEndpointContainer#0-17] WARN  o.s.a.r.listener.SimpleMessageListenerContainer - Consumer raised exception, processing can restart if the connection factory supports it. Exception summary: org.springframework.amqp.AmqpConnectException: java.net.ConnectException: Connection refused (Connection refused)
2024-05-08 18:43:58.504 [lettuce-nioEventLoop-4-8] WARN  io.lettuce.core.protocol.ConnectionWatchdog - Cannot reconnect to [127.0.0.1:6379]: Connection refused: /127.0.0.1:6379
2024-05-08 18:43:59.868 [springCloudBus.anonymous.PR4D5MWhQBipqZWzkYqyBw-18] WARN  o.s.a.r.listener.SimpleMessageListenerContainer - Consumer raised exception, processing can restart if the connection factory supports it. Exception summary: org.springframework.amqp.AmqpConnectException: java.net.ConnectException: Connection refused (Connection refused)
2024-05-08 18:44:00.103 [org.springframework.amqp.rabbit.RabbitListenerEndpointContainer#0-18] WARN  o.s.a.r.listener.SimpleMessageListenerContainer - Consumer raised exception, processing can restart if the connection factory supports it. Exception summary: org.springframework.amqp.AmqpConnectException: java.net.ConnectException: Connection refused (Connection refused)
2024-05-08 18:44:04.942 [springCloudBus.anonymous.PR4D5MWhQBipqZWzkYqyBw-19] WARN  o.s.a.r.listener.SimpleMessageListenerContainer - Consumer raised exception, processing can restart if the connection factory supports it. Exception summary: org.springframework.amqp.AmqpConnectException: java.net.ConnectException: Connection refused (Connection refused)
2024-05-08 18:44:05.183 [org.springframework.amqp.rabbit.RabbitListenerEndpointContainer#0-19] WARN  o.s.a.r.listener.SimpleMessageListenerContainer - Consumer raised exception, processing can restart if the connection factory supports it. Exception summary: org.springframework.amqp.AmqpConnectException: java.net.ConnectException: Connection refused (Connection refused)
2024-05-08 18:44:10.011 [springCloudBus.anonymous.PR4D5MWhQBipqZWzkYqyBw-20] WARN  o.s.a.r.listener.SimpleMessageListenerContainer - Consumer raised exception, processing can restart if the connection factory supports it. Exception summary: org.springframework.amqp.AmqpConnectException: java.net.ConnectException: Connection refused (Connection refused)
2024-05-08 18:44:10.285 [org.springframework.amqp.rabbit.RabbitListenerEndpointContainer#0-20] WARN  o.s.a.r.listener.SimpleMessageListenerContainer - Consumer raised exception, processing can restart if the connection factory supports it. Exception summary: org.springframework.amqp.AmqpConnectException: java.net.ConnectException: Connection refused (Connection refused)
2024-05-08 18:44:15.084 [springCloudBus.anonymous.PR4D5MWhQBipqZWzkYqyBw-21] WARN  o.s.a.r.listener.SimpleMessageListenerContainer - Consumer raised exception, processing can restart if the connection factory supports it. Exception summary: org.springframework.amqp.AmqpConnectException: java.net.ConnectException: Connection refused (Connection refused)
2024-05-08 18:44:15.372 [org.springframework.amqp.rabbit.RabbitListenerEndpointContainer#0-21] WARN  o.s.a.r.listener.SimpleMessageListenerContainer - Consumer raised exception, processing can restart if the connection factory supports it. Exception summary: org.springframework.amqp.AmqpConnectException: java.net.ConnectException: Connection refused (Connection refused)
2024-05-08 18:44:20.157 [springCloudBus.anonymous.PR4D5MWhQBipqZWzkYqyBw-22] WARN  o.s.a.r.listener.SimpleMessageListenerContainer - Consumer raised exception, processing can restart if the connection factory supports it. Exception summary: org.springframework.amqp.AmqpConnectException: java.net.ConnectException: Connection refused (Connection refused)
2024-05-08 18:44:20.457 [org.springframework.amqp.rabbit.RabbitListenerEndpointContainer#0-22] WARN  o.s.a.r.listener.SimpleMessageListenerContainer - Consumer raised exception, processing can restart if the connection factory supports it. Exception summary: org.springframework.amqp.AmqpConnectException: java.net.ConnectException: Connection refused (Connection refused)
2024-05-08 18:44:25.253 [springCloudBus.anonymous.PR4D5MWhQBipqZWzkYqyBw-23] WARN  o.s.a.r.listener.SimpleMessageListenerContainer - Consumer raised exception, processing can restart if the connection factory supports it. Exception summary: org.springframework.amqp.AmqpConnectException: java.net.ConnectException: Connection refused (Connection refused)
2024-05-08 18:44:25.536 [org.springframework.amqp.rabbit.RabbitListenerEndpointContainer#0-23] WARN  o.s.a.r.listener.SimpleMessageListenerContainer - Consumer raised exception, processing can restart if the connection factory supports it. Exception summary: org.springframework.amqp.AmqpConnectException: java.net.ConnectException: Connection refused (Connection refused)
2024-05-08 18:44:28.606 [lettuce-nioEventLoop-4-1] WARN  io.lettuce.core.protocol.ConnectionWatchdog - Cannot reconnect to [127.0.0.1:6379]: Connection refused: /127.0.0.1:6379
2024-05-08 18:44:30.337 [springCloudBus.anonymous.PR4D5MWhQBipqZWzkYqyBw-24] WARN  o.s.a.r.listener.SimpleMessageListenerContainer - Consumer raised exception, processing can restart if the connection factory supports it. Exception summary: org.springframework.amqp.AmqpConnectException: java.net.ConnectException: Connection refused (Connection refused)
2024-05-08 18:44:30.606 [org.springframework.amqp.rabbit.RabbitListenerEndpointContainer#0-24] WARN  o.s.a.r.listener.SimpleMessageListenerContainer - Consumer raised exception, processing can restart if the connection factory supports it. Exception summary: org.springframework.amqp.AmqpConnectException: java.net.ConnectException: Connection refused (Connection refused)
2024-05-08 18:44:35.413 [springCloudBus.anonymous.PR4D5MWhQBipqZWzkYqyBw-25] WARN  o.s.a.r.listener.SimpleMessageListenerContainer - Consumer raised exception, processing can restart if the connection factory supports it. Exception summary: org.springframework.amqp.AmqpConnectException: java.net.ConnectException: Connection refused (Connection refused)
2024-05-08 18:44:35.677 [org.springframework.amqp.rabbit.RabbitListenerEndpointContainer#0-25] WARN  o.s.a.r.listener.SimpleMessageListenerContainer - Consumer raised exception, processing can restart if the connection factory supports it. Exception summary: org.springframework.amqp.AmqpConnectException: java.net.ConnectException: Connection refused (Connection refused)
2024-05-08 18:44:40.491 [springCloudBus.anonymous.PR4D5MWhQBipqZWzkYqyBw-26] WARN  o.s.a.r.listener.SimpleMessageListenerContainer - Consumer raised exception, processing can restart if the connection factory supports it. Exception summary: org.springframework.amqp.AmqpConnectException: java.net.ConnectException: Connection refused (Connection refused)
2024-05-08 18:44:40.752 [org.springframework.amqp.rabbit.RabbitListenerEndpointContainer#0-26] WARN  o.s.a.r.listener.SimpleMessageListenerContainer - Consumer raised exception, processing can restart if the connection factory supports it. Exception summary: org.springframework.amqp.AmqpConnectException: java.net.ConnectException: Connection refused (Connection refused)
2024-05-08 18:44:45.584 [springCloudBus.anonymous.PR4D5MWhQBipqZWzkYqyBw-27] WARN  o.s.a.r.listener.SimpleMessageListenerContainer - Consumer raised exception, processing can restart if the connection factory supports it. Exception summary: org.springframework.amqp.AmqpConnectException: java.net.ConnectException: Connection refused (Connection refused)
2024-05-08 18:44:45.831 [org.springframework.amqp.rabbit.RabbitListenerEndpointContainer#0-27] WARN  o.s.a.r.listener.SimpleMessageListenerContainer - Consumer raised exception, processing can restart if the connection factory supports it. Exception summary: org.springframework.amqp.AmqpConnectException: java.net.ConnectException: Connection refused (Connection refused)
2024-05-08 18:44:50.665 [springCloudBus.anonymous.PR4D5MWhQBipqZWzkYqyBw-28] WARN  o.s.a.r.listener.SimpleMessageListenerContainer - Consumer raised exception, processing can restart if the connection factory supports it. Exception summary: org.springframework.amqp.AmqpConnectException: java.net.ConnectException: Connection refused (Connection refused)
2024-05-08 18:44:50.914 [org.springframework.amqp.rabbit.RabbitListenerEndpointContainer#0-28] WARN  o.s.a.r.listener.SimpleMessageListenerContainer - Consumer raised exception, processing can restart if the connection factory supports it. Exception summary: org.springframework.amqp.AmqpConnectException: java.net.ConnectException: Connection refused (Connection refused)
2024-05-08 18:44:55.756 [springCloudBus.anonymous.PR4D5MWhQBipqZWzkYqyBw-29] WARN  o.s.a.r.listener.SimpleMessageListenerContainer - Consumer raised exception, processing can restart if the connection factory supports it. Exception summary: org.springframework.amqp.AmqpConnectException: java.net.ConnectException: Connection refused (Connection refused)
2024-05-08 18:44:55.997 [org.springframework.amqp.rabbit.RabbitListenerEndpointContainer#0-29] WARN  o.s.a.r.listener.SimpleMessageListenerContainer - Consumer raised exception, processing can restart if the connection factory supports it. Exception summary: org.springframework.amqp.AmqpConnectException: java.net.ConnectException: Connection refused (Connection refused)
2024-05-08 18:44:58.704 [lettuce-nioEventLoop-4-2] WARN  io.lettuce.core.protocol.ConnectionWatchdog - Cannot reconnect to [127.0.0.1:6379]: Connection refused: /127.0.0.1:6379
2024-05-08 18:45:00.830 [springCloudBus.anonymous.PR4D5MWhQBipqZWzkYqyBw-30] WARN  o.s.a.r.listener.SimpleMessageListenerContainer - Consumer raised exception, processing can restart if the connection factory supports it. Exception summary: org.springframework.amqp.AmqpConnectException: java.net.ConnectException: Connection refused (Connection refused)
2024-05-08 18:45:01.096 [org.springframework.amqp.rabbit.RabbitListenerEndpointContainer#0-30] WARN  o.s.a.r.listener.SimpleMessageListenerContainer - Consumer raised exception, processing can restart if the connection factory supports it. Exception summary: org.springframework.amqp.AmqpConnectException: java.net.ConnectException: Connection refused (Connection refused)
2024-05-08 18:45:05.905 [springCloudBus.anonymous.PR4D5MWhQBipqZWzkYqyBw-31] WARN  o.s.a.r.listener.SimpleMessageListenerContainer - Consumer raised exception, processing can restart if the connection factory supports it. Exception summary: org.springframework.amqp.AmqpConnectException: java.net.ConnectException: Connection refused (Connection refused)
2024-05-08 18:45:06.186 [org.springframework.amqp.rabbit.RabbitListenerEndpointContainer#0-31] WARN  o.s.a.r.listener.SimpleMessageListenerContainer - Consumer raised exception, processing can restart if the connection factory supports it. Exception summary: org.springframework.amqp.AmqpConnectException: java.net.ConnectException: Connection refused (Connection refused)
2024-05-08 18:45:10.992 [springCloudBus.anonymous.PR4D5MWhQBipqZWzkYqyBw-32] WARN  o.s.a.r.listener.SimpleMessageListenerContainer - Consumer raised exception, processing can restart if the connection factory supports it. Exception summary: org.springframework.amqp.AmqpConnectException: java.net.ConnectException: Connection refused (Connection refused)
2024-05-08 18:45:11.265 [org.springframework.amqp.rabbit.RabbitListenerEndpointContainer#0-32] WARN  o.s.a.r.listener.SimpleMessageListenerContainer - Consumer raised exception, processing can restart if the connection factory supports it. Exception summary: org.springframework.amqp.AmqpConnectException: java.net.ConnectException: Connection refused (Connection refused)
2024-05-08 18:45:16.086 [springCloudBus.anonymous.PR4D5MWhQBipqZWzkYqyBw-33] WARN  o.s.a.r.listener.SimpleMessageListenerContainer - Consumer raised exception, processing can restart if the connection factory supports it. Exception summary: org.springframework.amqp.AmqpConnectException: java.net.ConnectException: Connection refused (Connection refused)
2024-05-08 18:45:16.350 [org.springframework.amqp.rabbit.RabbitListenerEndpointContainer#0-33] WARN  o.s.a.r.listener.SimpleMessageListenerContainer - Consumer raised exception, processing can restart if the connection factory supports it. Exception summary: org.springframework.amqp.AmqpConnectException: java.net.ConnectException: Connection refused (Connection refused)
